New Relic Agent not running.
Migrating to CreatePages (20081216193152)
Migrating to ExtendPages (20090625125735)
Migrating to AddVisibleToPages (20090814113100)
Migrating to AddDefaultTrueToVisibleForPage (20090814142845)
Migrating to SpreeZeroNineZero (20090823005402)
Migrating to AddIndexForPage (20090829000527)
Migrating to CreateIndexesForInventoryUnits (20090904192342)
Migrating to AddCountOnHandToVariantsAndProducts (20090923100315)
Migrating to ChangeTaxonsToNestedSet (20091007134354)
Migrating to MoveToConfigurableGateways (20091008091614)
Migrating to ProductGroupsAndScopes (20091012120519)
Migrating to AddOpenIdAuthenticationTables (20091015110842)
Migrating to AddOpenidFieldToUsers (20091015153048)
Migrating to ChangePreferenceValueType (20091016174634)
Migrating to CreateBillingIntegrations (20091017175558)
Migrating to CreateWishlists (20091020182940)
Migrating to CreateWishedProducts (20091020183520)
Migrating to ChargeRefactoring (20091021133257)
Migrating to AddSomeIndexes (20091104151730)
Migrating to CheckoutStateMachine (20091126190904)
Migrating to StateForShipments (20091209153045)
Migrating to MakeStateEventsPolymorphic (20091209202200)
Migrating to ShipAddressIdForCheckouts (20091211203813)
Migrating to ShippingMethodIdForCheckouts (20091212161118)
Migrating to CreditcardLastFourDigits (20091213222815)
Migrating to PopulateLegacyShipmentState (20091214183826)
Migrating to AddMetaFieldsToPages (20091219021134)
Migrating to AddCostPrice (20100105090147)
Migrating to ShipmentIdForInventoryUnits (20100105132138)
Migrating to AddApiKeyToUsers (20100107141738)
Migrating to CimFieldsForCreditcards (20100111205525)
Migrating to CreateReturnAuthorizations (20100112151511)
Migrating to AddReturnAuthorizationToInventoryUnits (20100113090919)
Migrating to CreateTrackers (20100113203104)
Migrating to CreditcardIdForCreditcardTxns (20100121160010)
Migrating to OriginalCreditcardTxnIdForCreditcardTxns (20100121183934)
Migrating to AddTestModeToBillingIntegration (20100125145351)
Migrating to CreateProductsProductGroups (20100126103714)
Migrating to AddLayoutToPages (20100204105222)
Migrating to CreatePaymentMethods (20100209025806)
Migrating to PolymorphicPayments (20100209144531)
Migrating to ChangePaymentsPaymentMethodToBelongsTo (20100213103131)
Migrating to AssignCreditcardTxnsToPayment (20100214212536)
Migrating to StiForTransactions (20100223170312)
Migrating to DropBillingIntegrations (20100223183812)
Migrating to CreatePaypalAccounts (20100224133156)
Migrating to DeletedAtForPaymentMethods (20100224153127)
Migrating to AddAdjustmentsIndex (20100301163454)
Migrating to FixByPopularity (20100306153445)
Migrating to CreateRelationTypes (20100308090631)
Migrating to CreateRelations (20100308092101)
Migrating to AddAltTextToImages (20100317120946)
Migrating to AddShowInSidebarOptionToPages (20100323085528)
Migrating to AddDiscountToRelation (20100324123835)
Migrating to RenameCouponsToPromotions (20100419190933)
Migrating to FixExistingCouponCredits (20100419194457)
Migrating to CreatePromotionRules (20100426100726)
Migrating to AddDisplayToPaymentMethods (20100427121301)
Migrating to MatchPolicyForPromotions (20100501084722)
Migrating to CreatePromotionRulesUsers (20100501095202)
Migrating to NameForPromotions (20100502163939)
Migrating to AddAddressesCheckoutsIndexes (20100504142133)
Migrating to AddIconToTaxons (20100506180619)
Migrating to AddDescriptionToTaxons (20100506185838)
Migrating to IndexForShipmentsNumber (20100528155333)
Migrating to AddIndexOnUsersPersistenceToken (20100528185820)
Migrating to AddDefaultToTaxCategories (20100605152042)
Migrating to AddDisplayToShippingMethods (20100624110730)
Migrating to RenamePaymentMethodDisplay (20100624123336)
Migrating to RenamePreferencesField (20100624175547)
Migrating to AddGuestFlag (20100811163637)
Migrating to DropOrderToken (20100811205836)
Migrating to PaymentsStateAndAssignedToOrderOnly (20100812162326)
Migrating to CreateAddressKeysForOrder (20100813023502)
Migrating to PaymentTotalForOrders (20100813185745)
Migrating to ShippingMethodIdForOrders (20100816212146)
Migrating to AddShipmentAndPaymentState (20100817152723)
Migrating to RefactorAdjustments (20100819170125)
Migrating to ResponseCodeAndAvsResponseForPayments (20100820135707)
Migrating to ChangeGuestFlagToAnonymous (20100901171814)
Migrating to EmailForOrders (20100903203949)
Migrating to UpdateCalculableTypeForPromotions (20100923095305)
Migrating to CreateMailMethods (20100923162011)
Migrating to RenameFrozenToLocked (20100929151905)
Migrating to MoveSpecialInstructionsToOrders (20101008190536)
Migrating to CreateLogEntries (20101026184700)
Migrating to MigrateTransactionsToPaymentState (20101026184714)
Migrating to DeleteInProgressOrders (20101026184746)
Migrating to MigrateCheckoutToOrders (20101026184808)
Migrating to MigrateAdjustments (20101026184833)
Migrating to RemoveShippedState (20101026184855)
Migrating to PreventNilPaymentTotal (20101026184916)
Migrating to PreventNilEmail (20101026184932)
Migrating to GenerateAnonymousUsers (20101026184959)
Migrating to UpdateOrderState (20101026185022)
Migrating to CleanupLegacyTables (20101026192225)
Migrating to RemoveNumberAndCvvFromCredicard (20101028151745)
Migrating to RenameColumnsForDevise (20101101185116)
Migrating to DropAnonymousFieldForUser (20101103212716)
Migrating to RenamedRmaCancelledState (20101111133551)
Migrating to FixProblematicIndexNames (20101117031806)
Migrating to CreateUserAuthentications (20101117212408)
Migrating to CreateAuthenticationMethods (20101207152830)
Migrating to ConvertUserRememberField (20101214150824)
Migrating to CreateTokenizedPermissions (20101217012656)
Migrating to TokensForLegacyOrders (20101219201531)
Migrating to AddPositionToVariants (20101223215658)
Migrating to AddNextStateToStateEvents (20110110130847)
Migrating to AddPositionToOptionTypes (20110111122537)
Migrating to AddRrpToProduct (20110125135821)
Migrating to RemoveTrailingSlashesInTaxonPermalinks (20110823102149)
Migrating to CreateActivators (20110823102150)
Migrating to EligibleForAdjustments (20110823102151)
Migrating to PromotionChangesToSubclassOfActivator (20110823102152)
Migrating to CreatePromotionActions (20110823102153)
Migrating to CreatePromotionActionLineItems (20110823102154)
Migrating to AddMetaTitleToPage (20110906181503)
Migrating to NamespaceTopLevelModels (20120209160827)
Migrating to MigrateNamespacedPolymorphicModels (20120209160828)
Migrating to MakeAdjustmentsPolymorphic (20120209160829)
Migrating to AddCompanyToAddresses (20120209160830)
Migrating to AddIncTaxToTaxRates (20120209160831)
Migrating to RenameIncPriceAttribute (20120209160832)
Migrating to AddDefaultTaxZone (20120209160833)
Migrating to AssociateShippingMethodsAndShippingCategories (20120209160834)
Migrating to AddMatchRulesToShippingMethods (20120209160835)
Migrating to NewPreferences (20120209160836)
Migrating to AddDeletedAtToTaxCategory (20120209160837)
Migrating to NamespaceTokenizedPermission (20120209160838)
Migrating to MigrateTokenizedPermissions (20120209160839)
Migrating to NamespacePromoTables (20120209160840)
Migrating to CreateSpreePendingPromotions (20120209160841)
Migrating to ContentVisitedEvent (20120209160842)
Migrating to PrefixTablesWithSpree (20120209160843)
Migrating to NamespaceSpreeSocialTables (20120209160844)
Migrating to PrefixTableNames (20120209160845)
Migrating to NamespacePaypalAccounts (20120209160846)
Migrating to UpdateRelationTypes (20120210084032)
Migrating to PrefixWishlistTablesWithSpree (20120210094721)
Migrating to UpdateAuthenticationMethods (20120228144316)
New Relic Agent not running.
Migrating to CreatePages (20081216193152)
Migrating to ExtendPages (20090625125735)
Migrating to AddVisibleToPages (20090814113100)
Migrating to AddDefaultTrueToVisibleForPage (20090814142845)
Migrating to SpreeZeroNineZero (20090823005402)
Migrating to AddIndexForPage (20090829000527)
Migrating to CreateIndexesForInventoryUnits (20090904192342)
Migrating to AddCountOnHandToVariantsAndProducts (20090923100315)
Migrating to ChangeTaxonsToNestedSet (20091007134354)
Migrating to MoveToConfigurableGateways (20091008091614)
Migrating to ProductGroupsAndScopes (20091012120519)
Migrating to AddOpenIdAuthenticationTables (20091015110842)
Migrating to AddOpenidFieldToUsers (20091015153048)
Migrating to ChangePreferenceValueType (20091016174634)
Migrating to CreateBillingIntegrations (20091017175558)
Migrating to CreateWishlists (20091020182940)
Migrating to CreateWishedProducts (20091020183520)
Migrating to ChargeRefactoring (20091021133257)
Migrating to AddSomeIndexes (20091104151730)
Migrating to CheckoutStateMachine (20091126190904)
Migrating to StateForShipments (20091209153045)
Migrating to MakeStateEventsPolymorphic (20091209202200)
Migrating to ShipAddressIdForCheckouts (20091211203813)
Migrating to ShippingMethodIdForCheckouts (20091212161118)
Migrating to CreditcardLastFourDigits (20091213222815)
Migrating to PopulateLegacyShipmentState (20091214183826)
Migrating to AddMetaFieldsToPages (20091219021134)
Migrating to AddCostPrice (20100105090147)
Migrating to ShipmentIdForInventoryUnits (20100105132138)
Migrating to AddApiKeyToUsers (20100107141738)
Migrating to CimFieldsForCreditcards (20100111205525)
Migrating to CreateReturnAuthorizations (20100112151511)
Migrating to AddReturnAuthorizationToInventoryUnits (20100113090919)
Migrating to CreateTrackers (20100113203104)
Migrating to CreditcardIdForCreditcardTxns (20100121160010)
Migrating to OriginalCreditcardTxnIdForCreditcardTxns (20100121183934)
Migrating to AddTestModeToBillingIntegration (20100125145351)
Migrating to CreateProductsProductGroups (20100126103714)
Migrating to AddLayoutToPages (20100204105222)
Migrating to CreatePaymentMethods (20100209025806)
Migrating to PolymorphicPayments (20100209144531)
Migrating to ChangePaymentsPaymentMethodToBelongsTo (20100213103131)
Migrating to AssignCreditcardTxnsToPayment (20100214212536)
Migrating to StiForTransactions (20100223170312)
Migrating to DropBillingIntegrations (20100223183812)
Migrating to CreatePaypalAccounts (20100224133156)
Migrating to DeletedAtForPaymentMethods (20100224153127)
Migrating to AddAdjustmentsIndex (20100301163454)
Migrating to FixByPopularity (20100306153445)
Migrating to CreateRelationTypes (20100308090631)
Migrating to CreateRelations (20100308092101)
Migrating to AddAltTextToImages (20100317120946)
Migrating to AddShowInSidebarOptionToPages (20100323085528)
Migrating to AddDiscountToRelation (20100324123835)
Migrating to RenameCouponsToPromotions (20100419190933)
Migrating to FixExistingCouponCredits (20100419194457)
Migrating to CreatePromotionRules (20100426100726)
Migrating to AddDisplayToPaymentMethods (20100427121301)
Migrating to MatchPolicyForPromotions (20100501084722)
Migrating to CreatePromotionRulesUsers (20100501095202)
Migrating to NameForPromotions (20100502163939)
Migrating to AddAddressesCheckoutsIndexes (20100504142133)
Migrating to AddIconToTaxons (20100506180619)
Migrating to AddDescriptionToTaxons (20100506185838)
Migrating to IndexForShipmentsNumber (20100528155333)
Migrating to AddIndexOnUsersPersistenceToken (20100528185820)
Migrating to AddDefaultToTaxCategories (20100605152042)
Migrating to AddDisplayToShippingMethods (20100624110730)
Migrating to RenamePaymentMethodDisplay (20100624123336)
Migrating to RenamePreferencesField (20100624175547)
Migrating to AddGuestFlag (20100811163637)
Migrating to DropOrderToken (20100811205836)
Migrating to PaymentsStateAndAssignedToOrderOnly (20100812162326)
Migrating to CreateAddressKeysForOrder (20100813023502)
Migrating to PaymentTotalForOrders (20100813185745)
Migrating to ShippingMethodIdForOrders (20100816212146)
Migrating to AddShipmentAndPaymentState (20100817152723)
Migrating to RefactorAdjustments (20100819170125)
Migrating to ResponseCodeAndAvsResponseForPayments (20100820135707)
Migrating to ChangeGuestFlagToAnonymous (20100901171814)
Migrating to EmailForOrders (20100903203949)
Migrating to UpdateCalculableTypeForPromotions (20100923095305)
Migrating to CreateMailMethods (20100923162011)
Migrating to RenameFrozenToLocked (20100929151905)
Migrating to MoveSpecialInstructionsToOrders (20101008190536)
Migrating to CreateLogEntries (20101026184700)
Migrating to MigrateTransactionsToPaymentState (20101026184714)
Migrating to DeleteInProgressOrders (20101026184746)
Migrating to MigrateCheckoutToOrders (20101026184808)
Migrating to MigrateAdjustments (20101026184833)
Migrating to RemoveShippedState (20101026184855)
Migrating to PreventNilPaymentTotal (20101026184916)
Migrating to PreventNilEmail (20101026184932)
Migrating to GenerateAnonymousUsers (20101026184959)
Migrating to UpdateOrderState (20101026185022)
Migrating to CleanupLegacyTables (20101026192225)
Migrating to RemoveNumberAndCvvFromCredicard (20101028151745)
Migrating to RenameColumnsForDevise (20101101185116)
Migrating to DropAnonymousFieldForUser (20101103212716)
Migrating to RenamedRmaCancelledState (20101111133551)
Migrating to FixProblematicIndexNames (20101117031806)
Migrating to CreateUserAuthentications (20101117212408)
Migrating to CreateAuthenticationMethods (20101207152830)
Migrating to ConvertUserRememberField (20101214150824)
Migrating to CreateTokenizedPermissions (20101217012656)
Migrating to TokensForLegacyOrders (20101219201531)
Migrating to AddPositionToVariants (20101223215658)
Migrating to AddNextStateToStateEvents (20110110130847)
Migrating to AddPositionToOptionTypes (20110111122537)
Migrating to AddRrpToProduct (20110125135821)
Migrating to RemoveTrailingSlashesInTaxonPermalinks (20110823102149)
Migrating to CreateActivators (20110823102150)
Migrating to EligibleForAdjustments (20110823102151)
Migrating to PromotionChangesToSubclassOfActivator (20110823102152)
Migrating to CreatePromotionActions (20110823102153)
Migrating to CreatePromotionActionLineItems (20110823102154)
Migrating to AddMetaTitleToPage (20110906181503)
Migrating to NamespaceTopLevelModels (20120209160827)
Migrating to MigrateNamespacedPolymorphicModels (20120209160828)
Migrating to MakeAdjustmentsPolymorphic (20120209160829)
Migrating to AddCompanyToAddresses (20120209160830)
Migrating to AddIncTaxToTaxRates (20120209160831)
Migrating to RenameIncPriceAttribute (20120209160832)
Migrating to AddDefaultTaxZone (20120209160833)
Migrating to AssociateShippingMethodsAndShippingCategories (20120209160834)
Migrating to AddMatchRulesToShippingMethods (20120209160835)
Migrating to NewPreferences (20120209160836)
Migrating to AddDeletedAtToTaxCategory (20120209160837)
Migrating to NamespaceTokenizedPermission (20120209160838)
Migrating to MigrateTokenizedPermissions (20120209160839)
Migrating to NamespacePromoTables (20120209160840)
Migrating to CreateSpreePendingPromotions (20120209160841)
Migrating to ContentVisitedEvent (20120209160842)
Migrating to PrefixTablesWithSpree (20120209160843)
Migrating to NamespaceSpreeSocialTables (20120209160844)
Migrating to PrefixTableNames (20120209160845)
Migrating to NamespacePaypalAccounts (20120209160846)
Migrating to UpdateRelationTypes (20120210084032)
Migrating to PrefixWishlistTablesWithSpree (20120210094721)
Migrating to UpdateAuthenticationMethods (20120228144316)
New Relic Agent not running.
Migrating to CreatePages (20081216193152)
Migrating to ExtendPages (20090625125735)
Migrating to AddVisibleToPages (20090814113100)
Migrating to AddDefaultTrueToVisibleForPage (20090814142845)
Migrating to SpreeZeroNineZero (20090823005402)
Migrating to AddIndexForPage (20090829000527)
Migrating to CreateIndexesForInventoryUnits (20090904192342)
Migrating to AddCountOnHandToVariantsAndProducts (20090923100315)
Migrating to ChangeTaxonsToNestedSet (20091007134354)
Migrating to MoveToConfigurableGateways (20091008091614)
Migrating to ProductGroupsAndScopes (20091012120519)
Migrating to AddOpenIdAuthenticationTables (20091015110842)
Migrating to AddOpenidFieldToUsers (20091015153048)
Migrating to ChangePreferenceValueType (20091016174634)
Migrating to CreateBillingIntegrations (20091017175558)
Migrating to CreateWishlists (20091020182940)
Migrating to CreateWishedProducts (20091020183520)
Migrating to ChargeRefactoring (20091021133257)
Migrating to AddSomeIndexes (20091104151730)
Migrating to CheckoutStateMachine (20091126190904)
Migrating to StateForShipments (20091209153045)
Migrating to MakeStateEventsPolymorphic (20091209202200)
Migrating to ShipAddressIdForCheckouts (20091211203813)
Migrating to ShippingMethodIdForCheckouts (20091212161118)
Migrating to CreditcardLastFourDigits (20091213222815)
Migrating to PopulateLegacyShipmentState (20091214183826)
Migrating to AddMetaFieldsToPages (20091219021134)
Migrating to AddCostPrice (20100105090147)
Migrating to ShipmentIdForInventoryUnits (20100105132138)
Migrating to AddApiKeyToUsers (20100107141738)
Migrating to CimFieldsForCreditcards (20100111205525)
Migrating to CreateReturnAuthorizations (20100112151511)
Migrating to AddReturnAuthorizationToInventoryUnits (20100113090919)
Migrating to CreateTrackers (20100113203104)
Migrating to CreditcardIdForCreditcardTxns (20100121160010)
Migrating to OriginalCreditcardTxnIdForCreditcardTxns (20100121183934)
Migrating to AddTestModeToBillingIntegration (20100125145351)
Migrating to CreateProductsProductGroups (20100126103714)
Migrating to AddLayoutToPages (20100204105222)
Migrating to CreatePaymentMethods (20100209025806)
Migrating to PolymorphicPayments (20100209144531)
Migrating to ChangePaymentsPaymentMethodToBelongsTo (20100213103131)
Migrating to AssignCreditcardTxnsToPayment (20100214212536)
Migrating to StiForTransactions (20100223170312)
Migrating to DropBillingIntegrations (20100223183812)
Migrating to CreatePaypalAccounts (20100224133156)
Migrating to DeletedAtForPaymentMethods (20100224153127)
Migrating to AddAdjustmentsIndex (20100301163454)
Migrating to FixByPopularity (20100306153445)
Migrating to CreateRelationTypes (20100308090631)
Migrating to CreateRelations (20100308092101)
Migrating to AddAltTextToImages (20100317120946)
Migrating to AddShowInSidebarOptionToPages (20100323085528)
Migrating to AddDiscountToRelation (20100324123835)
Migrating to RenameCouponsToPromotions (20100419190933)
Migrating to FixExistingCouponCredits (20100419194457)
Migrating to CreatePromotionRules (20100426100726)
Migrating to AddDisplayToPaymentMethods (20100427121301)
Migrating to MatchPolicyForPromotions (20100501084722)
Migrating to CreatePromotionRulesUsers (20100501095202)
Migrating to NameForPromotions (20100502163939)
Migrating to AddAddressesCheckoutsIndexes (20100504142133)
Migrating to AddIconToTaxons (20100506180619)
Migrating to AddDescriptionToTaxons (20100506185838)
Migrating to IndexForShipmentsNumber (20100528155333)
Migrating to AddIndexOnUsersPersistenceToken (20100528185820)
Migrating to AddDefaultToTaxCategories (20100605152042)
Migrating to AddDisplayToShippingMethods (20100624110730)
Migrating to RenamePaymentMethodDisplay (20100624123336)
Migrating to RenamePreferencesField (20100624175547)
Migrating to AddGuestFlag (20100811163637)
Migrating to DropOrderToken (20100811205836)
Migrating to PaymentsStateAndAssignedToOrderOnly (20100812162326)
Migrating to CreateAddressKeysForOrder (20100813023502)
Migrating to PaymentTotalForOrders (20100813185745)
Migrating to ShippingMethodIdForOrders (20100816212146)
Migrating to AddShipmentAndPaymentState (20100817152723)
Migrating to RefactorAdjustments (20100819170125)
Migrating to ResponseCodeAndAvsResponseForPayments (20100820135707)
Migrating to ChangeGuestFlagToAnonymous (20100901171814)
Migrating to EmailForOrders (20100903203949)
Migrating to UpdateCalculableTypeForPromotions (20100923095305)
Migrating to CreateMailMethods (20100923162011)
Migrating to RenameFrozenToLocked (20100929151905)
Migrating to MoveSpecialInstructionsToOrders (20101008190536)
Migrating to CreateLogEntries (20101026184700)
Migrating to MigrateTransactionsToPaymentState (20101026184714)
Migrating to DeleteInProgressOrders (20101026184746)
Migrating to MigrateCheckoutToOrders (20101026184808)
Migrating to MigrateAdjustments (20101026184833)
Migrating to RemoveShippedState (20101026184855)
Migrating to PreventNilPaymentTotal (20101026184916)
Migrating to PreventNilEmail (20101026184932)
Migrating to GenerateAnonymousUsers (20101026184959)
Migrating to UpdateOrderState (20101026185022)
Migrating to CleanupLegacyTables (20101026192225)
Migrating to RemoveNumberAndCvvFromCredicard (20101028151745)
Migrating to RenameColumnsForDevise (20101101185116)
Migrating to DropAnonymousFieldForUser (20101103212716)
Migrating to RenamedRmaCancelledState (20101111133551)
Migrating to FixProblematicIndexNames (20101117031806)
Migrating to CreateUserAuthentications (20101117212408)
Migrating to CreateAuthenticationMethods (20101207152830)
Migrating to ConvertUserRememberField (20101214150824)
Migrating to CreateTokenizedPermissions (20101217012656)
Migrating to TokensForLegacyOrders (20101219201531)
Migrating to AddPositionToVariants (20101223215658)
Migrating to AddNextStateToStateEvents (20110110130847)
Migrating to AddPositionToOptionTypes (20110111122537)
Migrating to AddRrpToProduct (20110125135821)
Migrating to RemoveTrailingSlashesInTaxonPermalinks (20110823102149)
Migrating to CreateActivators (20110823102150)
Migrating to EligibleForAdjustments (20110823102151)
Migrating to PromotionChangesToSubclassOfActivator (20110823102152)
Migrating to CreatePromotionActions (20110823102153)
Migrating to CreatePromotionActionLineItems (20110823102154)
Migrating to AddMetaTitleToPage (20110906181503)
Migrating to NamespaceTopLevelModels (20120209160827)
Migrating to MigrateNamespacedPolymorphicModels (20120209160828)
Migrating to MakeAdjustmentsPolymorphic (20120209160829)
Migrating to AddCompanyToAddresses (20120209160830)
Migrating to AddIncTaxToTaxRates (20120209160831)
Migrating to RenameIncPriceAttribute (20120209160832)
Migrating to AddDefaultTaxZone (20120209160833)
Migrating to AssociateShippingMethodsAndShippingCategories (20120209160834)
Migrating to AddMatchRulesToShippingMethods (20120209160835)
Migrating to NewPreferences (20120209160836)
Migrating to AddDeletedAtToTaxCategory (20120209160837)
Migrating to NamespaceTokenizedPermission (20120209160838)
Migrating to MigrateTokenizedPermissions (20120209160839)
Migrating to NamespacePromoTables (20120209160840)
Migrating to CreateSpreePendingPromotions (20120209160841)
Migrating to ContentVisitedEvent (20120209160842)
Migrating to PrefixTablesWithSpree (20120209160843)
Migrating to NamespaceSpreeSocialTables (20120209160844)
Migrating to PrefixTableNames (20120209160845)
Migrating to NamespacePaypalAccounts (20120209160846)
Migrating to UpdateRelationTypes (20120210084032)
Migrating to PrefixWishlistTablesWithSpree (20120210094721)
Migrating to UpdateAuthenticationMethods (20120228144316)
New Relic Agent not running.
Migrating to CreatePages (20081216193152)
Migrating to ExtendPages (20090625125735)
Migrating to AddVisibleToPages (20090814113100)
Migrating to AddDefaultTrueToVisibleForPage (20090814142845)
Migrating to SpreeZeroNineZero (20090823005402)
Migrating to AddIndexForPage (20090829000527)
Migrating to CreateIndexesForInventoryUnits (20090904192342)
Migrating to AddCountOnHandToVariantsAndProducts (20090923100315)
Migrating to ChangeTaxonsToNestedSet (20091007134354)
Migrating to MoveToConfigurableGateways (20091008091614)
Migrating to ProductGroupsAndScopes (20091012120519)
Migrating to AddOpenIdAuthenticationTables (20091015110842)
Migrating to AddOpenidFieldToUsers (20091015153048)
Migrating to ChangePreferenceValueType (20091016174634)
Migrating to CreateBillingIntegrations (20091017175558)
Migrating to CreateWishlists (20091020182940)
Migrating to CreateWishedProducts (20091020183520)
Migrating to ChargeRefactoring (20091021133257)
Migrating to AddSomeIndexes (20091104151730)
Migrating to CheckoutStateMachine (20091126190904)
Migrating to StateForShipments (20091209153045)
Migrating to MakeStateEventsPolymorphic (20091209202200)
Migrating to ShipAddressIdForCheckouts (20091211203813)
Migrating to ShippingMethodIdForCheckouts (20091212161118)
Migrating to CreditcardLastFourDigits (20091213222815)
Migrating to PopulateLegacyShipmentState (20091214183826)
Migrating to AddMetaFieldsToPages (20091219021134)
Migrating to AddCostPrice (20100105090147)
Migrating to ShipmentIdForInventoryUnits (20100105132138)
Migrating to AddApiKeyToUsers (20100107141738)
Migrating to CimFieldsForCreditcards (20100111205525)
Migrating to CreateReturnAuthorizations (20100112151511)
Migrating to AddReturnAuthorizationToInventoryUnits (20100113090919)
Migrating to CreateTrackers (20100113203104)
Migrating to CreditcardIdForCreditcardTxns (20100121160010)
Migrating to OriginalCreditcardTxnIdForCreditcardTxns (20100121183934)
Migrating to AddTestModeToBillingIntegration (20100125145351)
Migrating to CreateProductsProductGroups (20100126103714)
Migrating to AddLayoutToPages (20100204105222)
Migrating to CreatePaymentMethods (20100209025806)
Migrating to PolymorphicPayments (20100209144531)
Migrating to ChangePaymentsPaymentMethodToBelongsTo (20100213103131)
Migrating to AssignCreditcardTxnsToPayment (20100214212536)
Migrating to StiForTransactions (20100223170312)
Migrating to DropBillingIntegrations (20100223183812)
Migrating to CreatePaypalAccounts (20100224133156)
Migrating to DeletedAtForPaymentMethods (20100224153127)
Migrating to AddAdjustmentsIndex (20100301163454)
Migrating to FixByPopularity (20100306153445)
Migrating to CreateRelationTypes (20100308090631)
Migrating to CreateRelations (20100308092101)
Migrating to AddAltTextToImages (20100317120946)
Migrating to AddShowInSidebarOptionToPages (20100323085528)
Migrating to AddDiscountToRelation (20100324123835)
Migrating to RenameCouponsToPromotions (20100419190933)
Migrating to FixExistingCouponCredits (20100419194457)
Migrating to CreatePromotionRules (20100426100726)
Migrating to AddDisplayToPaymentMethods (20100427121301)
Migrating to MatchPolicyForPromotions (20100501084722)
Migrating to CreatePromotionRulesUsers (20100501095202)
Migrating to NameForPromotions (20100502163939)
Migrating to AddAddressesCheckoutsIndexes (20100504142133)
Migrating to AddIconToTaxons (20100506180619)
Migrating to AddDescriptionToTaxons (20100506185838)
Migrating to IndexForShipmentsNumber (20100528155333)
Migrating to AddIndexOnUsersPersistenceToken (20100528185820)
Migrating to AddDefaultToTaxCategories (20100605152042)
Migrating to AddDisplayToShippingMethods (20100624110730)
Migrating to RenamePaymentMethodDisplay (20100624123336)
Migrating to RenamePreferencesField (20100624175547)
Migrating to AddGuestFlag (20100811163637)
Migrating to DropOrderToken (20100811205836)
Migrating to PaymentsStateAndAssignedToOrderOnly (20100812162326)
Migrating to CreateAddressKeysForOrder (20100813023502)
Migrating to PaymentTotalForOrders (20100813185745)
Migrating to ShippingMethodIdForOrders (20100816212146)
Migrating to AddShipmentAndPaymentState (20100817152723)
Migrating to RefactorAdjustments (20100819170125)
Migrating to ResponseCodeAndAvsResponseForPayments (20100820135707)
Migrating to ChangeGuestFlagToAnonymous (20100901171814)
Migrating to EmailForOrders (20100903203949)
Migrating to UpdateCalculableTypeForPromotions (20100923095305)
Migrating to CreateMailMethods (20100923162011)
Migrating to RenameFrozenToLocked (20100929151905)
Migrating to MoveSpecialInstructionsToOrders (20101008190536)
Migrating to CreateLogEntries (20101026184700)
Migrating to MigrateTransactionsToPaymentState (20101026184714)
Migrating to DeleteInProgressOrders (20101026184746)
Migrating to MigrateCheckoutToOrders (20101026184808)
Migrating to MigrateAdjustments (20101026184833)
Migrating to RemoveShippedState (20101026184855)
Migrating to PreventNilPaymentTotal (20101026184916)
Migrating to PreventNilEmail (20101026184932)
Migrating to GenerateAnonymousUsers (20101026184959)
Migrating to UpdateOrderState (20101026185022)
Migrating to CleanupLegacyTables (20101026192225)
Migrating to RemoveNumberAndCvvFromCredicard (20101028151745)
Migrating to RenameColumnsForDevise (20101101185116)
Migrating to DropAnonymousFieldForUser (20101103212716)
Migrating to RenamedRmaCancelledState (20101111133551)
Migrating to FixProblematicIndexNames (20101117031806)
Migrating to CreateUserAuthentications (20101117212408)
Migrating to CreateAuthenticationMethods (20101207152830)
Migrating to ConvertUserRememberField (20101214150824)
Migrating to CreateTokenizedPermissions (20101217012656)
Migrating to TokensForLegacyOrders (20101219201531)
Migrating to AddPositionToVariants (20101223215658)
Migrating to AddNextStateToStateEvents (20110110130847)
Migrating to AddPositionToOptionTypes (20110111122537)
Migrating to AddRrpToProduct (20110125135821)
Migrating to RemoveTrailingSlashesInTaxonPermalinks (20110823102149)
Migrating to CreateActivators (20110823102150)
Migrating to EligibleForAdjustments (20110823102151)
Migrating to PromotionChangesToSubclassOfActivator (20110823102152)
Migrating to CreatePromotionActions (20110823102153)
Migrating to CreatePromotionActionLineItems (20110823102154)
Migrating to AddMetaTitleToPage (20110906181503)
Migrating to NamespaceTopLevelModels (20120209160827)
Migrating to MigrateNamespacedPolymorphicModels (20120209160828)
Migrating to MakeAdjustmentsPolymorphic (20120209160829)
Migrating to AddCompanyToAddresses (20120209160830)
Migrating to AddIncTaxToTaxRates (20120209160831)
Migrating to RenameIncPriceAttribute (20120209160832)
Migrating to AddDefaultTaxZone (20120209160833)
Migrating to AssociateShippingMethodsAndShippingCategories (20120209160834)
Migrating to AddMatchRulesToShippingMethods (20120209160835)
Migrating to NewPreferences (20120209160836)
Migrating to AddDeletedAtToTaxCategory (20120209160837)
Migrating to NamespaceTokenizedPermission (20120209160838)
Migrating to MigrateTokenizedPermissions (20120209160839)
Migrating to NamespacePromoTables (20120209160840)
Migrating to CreateSpreePendingPromotions (20120209160841)
Migrating to ContentVisitedEvent (20120209160842)
Migrating to PrefixTablesWithSpree (20120209160843)
Migrating to NamespaceSpreeSocialTables (20120209160844)
Migrating to PrefixTableNames (20120209160845)
Migrating to NamespacePaypalAccounts (20120209160846)
Migrating to UpdateRelationTypes (20120210084032)
Migrating to PrefixWishlistTablesWithSpree (20120210094721)
Migrating to UpdateAuthenticationMethods (20120228144316)
New Relic Agent not running.
Migrating to CreatePages (20081216193152)
Migrating to ExtendPages (20090625125735)
Migrating to AddVisibleToPages (20090814113100)
Migrating to AddDefaultTrueToVisibleForPage (20090814142845)
Migrating to SpreeZeroNineZero (20090823005402)
Migrating to AddIndexForPage (20090829000527)
Migrating to CreateIndexesForInventoryUnits (20090904192342)
Migrating to AddCountOnHandToVariantsAndProducts (20090923100315)
Migrating to ChangeTaxonsToNestedSet (20091007134354)
Migrating to MoveToConfigurableGateways (20091008091614)
Migrating to ProductGroupsAndScopes (20091012120519)
Migrating to AddOpenIdAuthenticationTables (20091015110842)
Migrating to AddOpenidFieldToUsers (20091015153048)
Migrating to ChangePreferenceValueType (20091016174634)
Migrating to CreateBillingIntegrations (20091017175558)
Migrating to CreateWishlists (20091020182940)
Migrating to CreateWishedProducts (20091020183520)
Migrating to ChargeRefactoring (20091021133257)
Migrating to AddSomeIndexes (20091104151730)
Migrating to CheckoutStateMachine (20091126190904)
Migrating to StateForShipments (20091209153045)
Migrating to MakeStateEventsPolymorphic (20091209202200)
Migrating to ShipAddressIdForCheckouts (20091211203813)
Migrating to ShippingMethodIdForCheckouts (20091212161118)
Migrating to CreditcardLastFourDigits (20091213222815)
Migrating to PopulateLegacyShipmentState (20091214183826)
Migrating to AddMetaFieldsToPages (20091219021134)
Migrating to AddCostPrice (20100105090147)
Migrating to ShipmentIdForInventoryUnits (20100105132138)
Migrating to AddApiKeyToUsers (20100107141738)
Migrating to CimFieldsForCreditcards (20100111205525)
Migrating to CreateReturnAuthorizations (20100112151511)
Migrating to AddReturnAuthorizationToInventoryUnits (20100113090919)
Migrating to CreateTrackers (20100113203104)
Migrating to CreditcardIdForCreditcardTxns (20100121160010)
Migrating to OriginalCreditcardTxnIdForCreditcardTxns (20100121183934)
Migrating to AddTestModeToBillingIntegration (20100125145351)
Migrating to CreateProductsProductGroups (20100126103714)
Migrating to AddLayoutToPages (20100204105222)
Migrating to CreatePaymentMethods (20100209025806)
Migrating to PolymorphicPayments (20100209144531)
Migrating to ChangePaymentsPaymentMethodToBelongsTo (20100213103131)
Migrating to AssignCreditcardTxnsToPayment (20100214212536)
Migrating to StiForTransactions (20100223170312)
Migrating to DropBillingIntegrations (20100223183812)
Migrating to CreatePaypalAccounts (20100224133156)
Migrating to DeletedAtForPaymentMethods (20100224153127)
Migrating to AddAdjustmentsIndex (20100301163454)
Migrating to FixByPopularity (20100306153445)
Migrating to CreateRelationTypes (20100308090631)
Migrating to CreateRelations (20100308092101)
Migrating to AddAltTextToImages (20100317120946)
Migrating to AddShowInSidebarOptionToPages (20100323085528)
Migrating to AddDiscountToRelation (20100324123835)
Migrating to RenameCouponsToPromotions (20100419190933)
Migrating to FixExistingCouponCredits (20100419194457)
Migrating to CreatePromotionRules (20100426100726)
Migrating to AddDisplayToPaymentMethods (20100427121301)
Migrating to MatchPolicyForPromotions (20100501084722)
Migrating to CreatePromotionRulesUsers (20100501095202)
Migrating to NameForPromotions (20100502163939)
Migrating to AddAddressesCheckoutsIndexes (20100504142133)
Migrating to AddIconToTaxons (20100506180619)
Migrating to AddDescriptionToTaxons (20100506185838)
Migrating to IndexForShipmentsNumber (20100528155333)
Migrating to AddIndexOnUsersPersistenceToken (20100528185820)
Migrating to AddDefaultToTaxCategories (20100605152042)
Migrating to AddDisplayToShippingMethods (20100624110730)
Migrating to RenamePaymentMethodDisplay (20100624123336)
Migrating to RenamePreferencesField (20100624175547)
Migrating to AddGuestFlag (20100811163637)
Migrating to DropOrderToken (20100811205836)
Migrating to PaymentsStateAndAssignedToOrderOnly (20100812162326)
Migrating to CreateAddressKeysForOrder (20100813023502)
Migrating to PaymentTotalForOrders (20100813185745)
Migrating to ShippingMethodIdForOrders (20100816212146)
Migrating to AddShipmentAndPaymentState (20100817152723)
Migrating to RefactorAdjustments (20100819170125)
Migrating to ResponseCodeAndAvsResponseForPayments (20100820135707)
Migrating to ChangeGuestFlagToAnonymous (20100901171814)
Migrating to EmailForOrders (20100903203949)
Migrating to UpdateCalculableTypeForPromotions (20100923095305)
Migrating to CreateMailMethods (20100923162011)
Migrating to RenameFrozenToLocked (20100929151905)
Migrating to MoveSpecialInstructionsToOrders (20101008190536)
Migrating to CreateLogEntries (20101026184700)
Migrating to MigrateTransactionsToPaymentState (20101026184714)
Migrating to DeleteInProgressOrders (20101026184746)
Migrating to MigrateCheckoutToOrders (20101026184808)
Migrating to MigrateAdjustments (20101026184833)
Migrating to RemoveShippedState (20101026184855)
Migrating to PreventNilPaymentTotal (20101026184916)
Migrating to PreventNilEmail (20101026184932)
Migrating to GenerateAnonymousUsers (20101026184959)
Migrating to UpdateOrderState (20101026185022)
Migrating to CleanupLegacyTables (20101026192225)
Migrating to RemoveNumberAndCvvFromCredicard (20101028151745)
Migrating to RenameColumnsForDevise (20101101185116)
Migrating to DropAnonymousFieldForUser (20101103212716)
Migrating to RenamedRmaCancelledState (20101111133551)
Migrating to FixProblematicIndexNames (20101117031806)
Migrating to CreateUserAuthentications (20101117212408)
Migrating to CreateAuthenticationMethods (20101207152830)
Migrating to ConvertUserRememberField (20101214150824)
Migrating to CreateTokenizedPermissions (20101217012656)
Migrating to TokensForLegacyOrders (20101219201531)
Migrating to AddPositionToVariants (20101223215658)
Migrating to AddNextStateToStateEvents (20110110130847)
Migrating to AddPositionToOptionTypes (20110111122537)
Migrating to AddRrpToProduct (20110125135821)
Migrating to RemoveTrailingSlashesInTaxonPermalinks (20110823102149)
Migrating to CreateActivators (20110823102150)
Migrating to EligibleForAdjustments (20110823102151)
Migrating to PromotionChangesToSubclassOfActivator (20110823102152)
Migrating to CreatePromotionActions (20110823102153)
Migrating to CreatePromotionActionLineItems (20110823102154)
Migrating to AddMetaTitleToPage (20110906181503)
Migrating to NamespaceTopLevelModels (20120209160827)
Migrating to MigrateNamespacedPolymorphicModels (20120209160828)
Migrating to MakeAdjustmentsPolymorphic (20120209160829)
Migrating to AddCompanyToAddresses (20120209160830)
Migrating to AddIncTaxToTaxRates (20120209160831)
Migrating to RenameIncPriceAttribute (20120209160832)
Migrating to AddDefaultTaxZone (20120209160833)
Migrating to AssociateShippingMethodsAndShippingCategories (20120209160834)
Migrating to AddMatchRulesToShippingMethods (20120209160835)
Migrating to NewPreferences (20120209160836)
Migrating to AddDeletedAtToTaxCategory (20120209160837)
Migrating to NamespaceTokenizedPermission (20120209160838)
Migrating to MigrateTokenizedPermissions (20120209160839)
Migrating to NamespacePromoTables (20120209160840)
Migrating to CreateSpreePendingPromotions (20120209160841)
Migrating to ContentVisitedEvent (20120209160842)
Migrating to PrefixTablesWithSpree (20120209160843)
Migrating to NamespaceSpreeSocialTables (20120209160844)
Migrating to PrefixTableNames (20120209160845)
Migrating to NamespacePaypalAccounts (20120209160846)
Migrating to UpdateRelationTypes (20120210084032)
Migrating to PrefixWishlistTablesWithSpree (20120210094721)
Migrating to UpdateAuthenticationMethods (20120228144316)
New Relic Agent not running.
Migrating to CreatePages (20081216193152)
Migrating to ExtendPages (20090625125735)
Migrating to AddVisibleToPages (20090814113100)
Migrating to AddDefaultTrueToVisibleForPage (20090814142845)
Migrating to SpreeZeroNineZero (20090823005402)
Migrating to AddIndexForPage (20090829000527)
Migrating to CreateIndexesForInventoryUnits (20090904192342)
Migrating to AddCountOnHandToVariantsAndProducts (20090923100315)
Migrating to ChangeTaxonsToNestedSet (20091007134354)
Migrating to MoveToConfigurableGateways (20091008091614)
Migrating to ProductGroupsAndScopes (20091012120519)
Migrating to AddOpenIdAuthenticationTables (20091015110842)
Migrating to AddOpenidFieldToUsers (20091015153048)
Migrating to ChangePreferenceValueType (20091016174634)
Migrating to CreateBillingIntegrations (20091017175558)
Migrating to CreateWishlists (20091020182940)
Migrating to CreateWishedProducts (20091020183520)
Migrating to ChargeRefactoring (20091021133257)
Migrating to AddSomeIndexes (20091104151730)
Migrating to CheckoutStateMachine (20091126190904)
Migrating to StateForShipments (20091209153045)
Migrating to MakeStateEventsPolymorphic (20091209202200)
Migrating to ShipAddressIdForCheckouts (20091211203813)
Migrating to ShippingMethodIdForCheckouts (20091212161118)
Migrating to CreditcardLastFourDigits (20091213222815)
Migrating to PopulateLegacyShipmentState (20091214183826)
Migrating to AddMetaFieldsToPages (20091219021134)
Migrating to AddCostPrice (20100105090147)
Migrating to ShipmentIdForInventoryUnits (20100105132138)
Migrating to AddApiKeyToUsers (20100107141738)
Migrating to CimFieldsForCreditcards (20100111205525)
Migrating to CreateReturnAuthorizations (20100112151511)
Migrating to AddReturnAuthorizationToInventoryUnits (20100113090919)
Migrating to CreateTrackers (20100113203104)
Migrating to CreditcardIdForCreditcardTxns (20100121160010)
Migrating to OriginalCreditcardTxnIdForCreditcardTxns (20100121183934)
Migrating to AddTestModeToBillingIntegration (20100125145351)
Migrating to CreateProductsProductGroups (20100126103714)
Migrating to AddLayoutToPages (20100204105222)
Migrating to CreatePaymentMethods (20100209025806)
Migrating to PolymorphicPayments (20100209144531)
Migrating to ChangePaymentsPaymentMethodToBelongsTo (20100213103131)
Migrating to AssignCreditcardTxnsToPayment (20100214212536)
Migrating to StiForTransactions (20100223170312)
Migrating to DropBillingIntegrations (20100223183812)
Migrating to CreatePaypalAccounts (20100224133156)
Migrating to DeletedAtForPaymentMethods (20100224153127)
Migrating to AddAdjustmentsIndex (20100301163454)
Migrating to FixByPopularity (20100306153445)
Migrating to CreateRelationTypes (20100308090631)
Migrating to CreateRelations (20100308092101)
Migrating to AddAltTextToImages (20100317120946)
Migrating to AddShowInSidebarOptionToPages (20100323085528)
Migrating to AddDiscountToRelation (20100324123835)
Migrating to RenameCouponsToPromotions (20100419190933)
Migrating to FixExistingCouponCredits (20100419194457)
Migrating to CreatePromotionRules (20100426100726)
Migrating to AddDisplayToPaymentMethods (20100427121301)
Migrating to MatchPolicyForPromotions (20100501084722)
Migrating to CreatePromotionRulesUsers (20100501095202)
Migrating to NameForPromotions (20100502163939)
Migrating to AddAddressesCheckoutsIndexes (20100504142133)
Migrating to AddIconToTaxons (20100506180619)
Migrating to AddDescriptionToTaxons (20100506185838)
Migrating to IndexForShipmentsNumber (20100528155333)
Migrating to AddIndexOnUsersPersistenceToken (20100528185820)
Migrating to AddDefaultToTaxCategories (20100605152042)
Migrating to AddDisplayToShippingMethods (20100624110730)
Migrating to RenamePaymentMethodDisplay (20100624123336)
Migrating to RenamePreferencesField (20100624175547)
Migrating to AddGuestFlag (20100811163637)
Migrating to DropOrderToken (20100811205836)
Migrating to PaymentsStateAndAssignedToOrderOnly (20100812162326)
Migrating to CreateAddressKeysForOrder (20100813023502)
Migrating to PaymentTotalForOrders (20100813185745)
Migrating to ShippingMethodIdForOrders (20100816212146)
Migrating to AddShipmentAndPaymentState (20100817152723)
Migrating to RefactorAdjustments (20100819170125)
Migrating to ResponseCodeAndAvsResponseForPayments (20100820135707)
Migrating to ChangeGuestFlagToAnonymous (20100901171814)
Migrating to EmailForOrders (20100903203949)
Migrating to UpdateCalculableTypeForPromotions (20100923095305)
Migrating to CreateMailMethods (20100923162011)
Migrating to RenameFrozenToLocked (20100929151905)
Migrating to MoveSpecialInstructionsToOrders (20101008190536)
Migrating to CreateLogEntries (20101026184700)
Migrating to MigrateTransactionsToPaymentState (20101026184714)
Migrating to DeleteInProgressOrders (20101026184746)
Migrating to MigrateCheckoutToOrders (20101026184808)
Migrating to MigrateAdjustments (20101026184833)
Migrating to RemoveShippedState (20101026184855)
Migrating to PreventNilPaymentTotal (20101026184916)
Migrating to PreventNilEmail (20101026184932)
Migrating to GenerateAnonymousUsers (20101026184959)
Migrating to UpdateOrderState (20101026185022)
Migrating to CleanupLegacyTables (20101026192225)
Migrating to RemoveNumberAndCvvFromCredicard (20101028151745)
Migrating to RenameColumnsForDevise (20101101185116)
Migrating to DropAnonymousFieldForUser (20101103212716)
Migrating to RenamedRmaCancelledState (20101111133551)
Migrating to FixProblematicIndexNames (20101117031806)
Migrating to CreateUserAuthentications (20101117212408)
Migrating to CreateAuthenticationMethods (20101207152830)
Migrating to ConvertUserRememberField (20101214150824)
Migrating to CreateTokenizedPermissions (20101217012656)
Migrating to TokensForLegacyOrders (20101219201531)
Migrating to AddPositionToVariants (20101223215658)
Migrating to AddNextStateToStateEvents (20110110130847)
Migrating to AddPositionToOptionTypes (20110111122537)
Migrating to AddRrpToProduct (20110125135821)
Migrating to RemoveTrailingSlashesInTaxonPermalinks (20110823102149)
Migrating to CreateActivators (20110823102150)
Migrating to EligibleForAdjustments (20110823102151)
Migrating to PromotionChangesToSubclassOfActivator (20110823102152)
Migrating to CreatePromotionActions (20110823102153)
Migrating to CreatePromotionActionLineItems (20110823102154)
Migrating to AddMetaTitleToPage (20110906181503)
Migrating to NamespaceTopLevelModels (20120209160827)
Migrating to MigrateNamespacedPolymorphicModels (20120209160828)
Migrating to MakeAdjustmentsPolymorphic (20120209160829)
Migrating to AddCompanyToAddresses (20120209160830)
Migrating to AddIncTaxToTaxRates (20120209160831)
Migrating to RenameIncPriceAttribute (20120209160832)
Migrating to AddDefaultTaxZone (20120209160833)
Migrating to AssociateShippingMethodsAndShippingCategories (20120209160834)
Migrating to AddMatchRulesToShippingMethods (20120209160835)
Migrating to NewPreferences (20120209160836)
Migrating to AddDeletedAtToTaxCategory (20120209160837)
Migrating to NamespaceTokenizedPermission (20120209160838)
Migrating to MigrateTokenizedPermissions (20120209160839)
Migrating to NamespacePromoTables (20120209160840)
Migrating to CreateSpreePendingPromotions (20120209160841)
Migrating to ContentVisitedEvent (20120209160842)
Migrating to PrefixTablesWithSpree (20120209160843)
Migrating to NamespaceSpreeSocialTables (20120209160844)
Migrating to PrefixTableNames (20120209160845)
Migrating to NamespacePaypalAccounts (20120209160846)
Migrating to UpdateRelationTypes (20120210084032)
Migrating to PrefixWishlistTablesWithSpree (20120210094721)
Migrating to UpdateAuthenticationMethods (20120228144316)
New Relic Agent not running.
Migrating to CreatePages (20081216193152)
Migrating to ExtendPages (20090625125735)
Migrating to AddVisibleToPages (20090814113100)
Migrating to AddDefaultTrueToVisibleForPage (20090814142845)
Migrating to SpreeZeroNineZero (20090823005402)
Migrating to AddIndexForPage (20090829000527)
Migrating to CreateIndexesForInventoryUnits (20090904192342)
Migrating to AddCountOnHandToVariantsAndProducts (20090923100315)
Migrating to ChangeTaxonsToNestedSet (20091007134354)
Migrating to MoveToConfigurableGateways (20091008091614)
Migrating to ProductGroupsAndScopes (20091012120519)
Migrating to AddOpenIdAuthenticationTables (20091015110842)
Migrating to AddOpenidFieldToUsers (20091015153048)
Migrating to ChangePreferenceValueType (20091016174634)
Migrating to CreateBillingIntegrations (20091017175558)
Migrating to CreateWishlists (20091020182940)
Migrating to CreateWishedProducts (20091020183520)
Migrating to ChargeRefactoring (20091021133257)
Migrating to AddSomeIndexes (20091104151730)
Migrating to CheckoutStateMachine (20091126190904)
Migrating to StateForShipments (20091209153045)
Migrating to MakeStateEventsPolymorphic (20091209202200)
Migrating to ShipAddressIdForCheckouts (20091211203813)
Migrating to ShippingMethodIdForCheckouts (20091212161118)
Migrating to CreditcardLastFourDigits (20091213222815)
Migrating to PopulateLegacyShipmentState (20091214183826)
Migrating to AddMetaFieldsToPages (20091219021134)
Migrating to AddCostPrice (20100105090147)
Migrating to ShipmentIdForInventoryUnits (20100105132138)
Migrating to AddApiKeyToUsers (20100107141738)
Migrating to CimFieldsForCreditcards (20100111205525)
Migrating to CreateReturnAuthorizations (20100112151511)
Migrating to AddReturnAuthorizationToInventoryUnits (20100113090919)
Migrating to CreateTrackers (20100113203104)
Migrating to CreditcardIdForCreditcardTxns (20100121160010)
Migrating to OriginalCreditcardTxnIdForCreditcardTxns (20100121183934)
Migrating to AddTestModeToBillingIntegration (20100125145351)
Migrating to CreateProductsProductGroups (20100126103714)
Migrating to AddLayoutToPages (20100204105222)
Migrating to CreatePaymentMethods (20100209025806)
Migrating to PolymorphicPayments (20100209144531)
Migrating to ChangePaymentsPaymentMethodToBelongsTo (20100213103131)
Migrating to AssignCreditcardTxnsToPayment (20100214212536)
Migrating to StiForTransactions (20100223170312)
Migrating to DropBillingIntegrations (20100223183812)
Migrating to CreatePaypalAccounts (20100224133156)
Migrating to DeletedAtForPaymentMethods (20100224153127)
Migrating to AddAdjustmentsIndex (20100301163454)
Migrating to FixByPopularity (20100306153445)
Migrating to CreateRelationTypes (20100308090631)
Migrating to CreateRelations (20100308092101)
Migrating to AddAltTextToImages (20100317120946)
Migrating to AddShowInSidebarOptionToPages (20100323085528)
Migrating to AddDiscountToRelation (20100324123835)
Migrating to RenameCouponsToPromotions (20100419190933)
Migrating to FixExistingCouponCredits (20100419194457)
Migrating to CreatePromotionRules (20100426100726)
Migrating to AddDisplayToPaymentMethods (20100427121301)
Migrating to MatchPolicyForPromotions (20100501084722)
Migrating to CreatePromotionRulesUsers (20100501095202)
Migrating to NameForPromotions (20100502163939)
Migrating to AddAddressesCheckoutsIndexes (20100504142133)
Migrating to AddIconToTaxons (20100506180619)
Migrating to AddDescriptionToTaxons (20100506185838)
Migrating to IndexForShipmentsNumber (20100528155333)
Migrating to AddIndexOnUsersPersistenceToken (20100528185820)
Migrating to AddDefaultToTaxCategories (20100605152042)
Migrating to AddDisplayToShippingMethods (20100624110730)
Migrating to RenamePaymentMethodDisplay (20100624123336)
Migrating to RenamePreferencesField (20100624175547)
Migrating to AddGuestFlag (20100811163637)
Migrating to DropOrderToken (20100811205836)
Migrating to PaymentsStateAndAssignedToOrderOnly (20100812162326)
Migrating to CreateAddressKeysForOrder (20100813023502)
Migrating to PaymentTotalForOrders (20100813185745)
Migrating to ShippingMethodIdForOrders (20100816212146)
Migrating to AddShipmentAndPaymentState (20100817152723)
Migrating to RefactorAdjustments (20100819170125)
Migrating to ResponseCodeAndAvsResponseForPayments (20100820135707)
Migrating to ChangeGuestFlagToAnonymous (20100901171814)
Migrating to EmailForOrders (20100903203949)
Migrating to UpdateCalculableTypeForPromotions (20100923095305)
Migrating to CreateMailMethods (20100923162011)
Migrating to RenameFrozenToLocked (20100929151905)
Migrating to MoveSpecialInstructionsToOrders (20101008190536)
Migrating to CreateLogEntries (20101026184700)
Migrating to MigrateTransactionsToPaymentState (20101026184714)
Migrating to DeleteInProgressOrders (20101026184746)
Migrating to MigrateCheckoutToOrders (20101026184808)
Migrating to MigrateAdjustments (20101026184833)
Migrating to RemoveShippedState (20101026184855)
Migrating to PreventNilPaymentTotal (20101026184916)
Migrating to PreventNilEmail (20101026184932)
Migrating to GenerateAnonymousUsers (20101026184959)
Migrating to UpdateOrderState (20101026185022)
Migrating to CleanupLegacyTables (20101026192225)
Migrating to RemoveNumberAndCvvFromCredicard (20101028151745)
Migrating to RenameColumnsForDevise (20101101185116)
Migrating to DropAnonymousFieldForUser (20101103212716)
Migrating to RenamedRmaCancelledState (20101111133551)
Migrating to FixProblematicIndexNames (20101117031806)
Migrating to CreateUserAuthentications (20101117212408)
Migrating to CreateAuthenticationMethods (20101207152830)
Migrating to ConvertUserRememberField (20101214150824)
Migrating to CreateTokenizedPermissions (20101217012656)
Migrating to TokensForLegacyOrders (20101219201531)
Migrating to AddPositionToVariants (20101223215658)
Migrating to AddNextStateToStateEvents (20110110130847)
Migrating to AddPositionToOptionTypes (20110111122537)
Migrating to AddRrpToProduct (20110125135821)
Migrating to RemoveTrailingSlashesInTaxonPermalinks (20110823102149)
Migrating to CreateActivators (20110823102150)
Migrating to EligibleForAdjustments (20110823102151)
Migrating to PromotionChangesToSubclassOfActivator (20110823102152)
Migrating to CreatePromotionActions (20110823102153)
Migrating to CreatePromotionActionLineItems (20110823102154)
Migrating to AddMetaTitleToPage (20110906181503)
Migrating to NamespaceTopLevelModels (20120209160827)
Migrating to MigrateNamespacedPolymorphicModels (20120209160828)
Migrating to MakeAdjustmentsPolymorphic (20120209160829)
Migrating to AddCompanyToAddresses (20120209160830)
Migrating to AddIncTaxToTaxRates (20120209160831)
Migrating to RenameIncPriceAttribute (20120209160832)
Migrating to AddDefaultTaxZone (20120209160833)
Migrating to AssociateShippingMethodsAndShippingCategories (20120209160834)
Migrating to AddMatchRulesToShippingMethods (20120209160835)
Migrating to NewPreferences (20120209160836)
Migrating to AddDeletedAtToTaxCategory (20120209160837)
Migrating to NamespaceTokenizedPermission (20120209160838)
Migrating to MigrateTokenizedPermissions (20120209160839)
Migrating to NamespacePromoTables (20120209160840)
Migrating to CreateSpreePendingPromotions (20120209160841)
Migrating to ContentVisitedEvent (20120209160842)
Migrating to PrefixTablesWithSpree (20120209160843)
Migrating to NamespaceSpreeSocialTables (20120209160844)
Migrating to PrefixTableNames (20120209160845)
Migrating to NamespacePaypalAccounts (20120209160846)
Migrating to UpdateRelationTypes (20120210084032)
Migrating to PrefixWishlistTablesWithSpree (20120210094721)
Migrating to UpdateAuthenticationMethods (20120228144316)
New Relic Agent not running.
Migrating to CreatePages (20081216193152)
Migrating to ExtendPages (20090625125735)
Migrating to AddVisibleToPages (20090814113100)
Migrating to AddDefaultTrueToVisibleForPage (20090814142845)
Migrating to SpreeZeroNineZero (20090823005402)
Migrating to AddIndexForPage (20090829000527)
Migrating to CreateIndexesForInventoryUnits (20090904192342)
Migrating to AddCountOnHandToVariantsAndProducts (20090923100315)
Migrating to ChangeTaxonsToNestedSet (20091007134354)
Migrating to MoveToConfigurableGateways (20091008091614)
Migrating to ProductGroupsAndScopes (20091012120519)
Migrating to AddOpenIdAuthenticationTables (20091015110842)
Migrating to AddOpenidFieldToUsers (20091015153048)
Migrating to ChangePreferenceValueType (20091016174634)
Migrating to CreateBillingIntegrations (20091017175558)
Migrating to CreateWishlists (20091020182940)
Migrating to CreateWishedProducts (20091020183520)
Migrating to ChargeRefactoring (20091021133257)
Migrating to AddSomeIndexes (20091104151730)
Migrating to CheckoutStateMachine (20091126190904)
Migrating to StateForShipments (20091209153045)
Migrating to MakeStateEventsPolymorphic (20091209202200)
Migrating to ShipAddressIdForCheckouts (20091211203813)
Migrating to ShippingMethodIdForCheckouts (20091212161118)
Migrating to CreditcardLastFourDigits (20091213222815)
Migrating to PopulateLegacyShipmentState (20091214183826)
Migrating to AddMetaFieldsToPages (20091219021134)
Migrating to AddCostPrice (20100105090147)
Migrating to ShipmentIdForInventoryUnits (20100105132138)
Migrating to AddApiKeyToUsers (20100107141738)
Migrating to CimFieldsForCreditcards (20100111205525)
Migrating to CreateReturnAuthorizations (20100112151511)
Migrating to AddReturnAuthorizationToInventoryUnits (20100113090919)
Migrating to CreateTrackers (20100113203104)
Migrating to CreditcardIdForCreditcardTxns (20100121160010)
Migrating to OriginalCreditcardTxnIdForCreditcardTxns (20100121183934)
Migrating to AddTestModeToBillingIntegration (20100125145351)
Migrating to CreateProductsProductGroups (20100126103714)
Migrating to AddLayoutToPages (20100204105222)
Migrating to CreatePaymentMethods (20100209025806)
Migrating to PolymorphicPayments (20100209144531)
Migrating to ChangePaymentsPaymentMethodToBelongsTo (20100213103131)
Migrating to AssignCreditcardTxnsToPayment (20100214212536)
Migrating to StiForTransactions (20100223170312)
Migrating to DropBillingIntegrations (20100223183812)
Migrating to CreatePaypalAccounts (20100224133156)
Migrating to DeletedAtForPaymentMethods (20100224153127)
Migrating to AddAdjustmentsIndex (20100301163454)
Migrating to FixByPopularity (20100306153445)
Migrating to CreateRelationTypes (20100308090631)
Migrating to CreateRelations (20100308092101)
Migrating to AddAltTextToImages (20100317120946)
Migrating to AddShowInSidebarOptionToPages (20100323085528)
Migrating to AddDiscountToRelation (20100324123835)
Migrating to RenameCouponsToPromotions (20100419190933)
Migrating to FixExistingCouponCredits (20100419194457)
Migrating to CreatePromotionRules (20100426100726)
Migrating to AddDisplayToPaymentMethods (20100427121301)
Migrating to MatchPolicyForPromotions (20100501084722)
Migrating to CreatePromotionRulesUsers (20100501095202)
Migrating to NameForPromotions (20100502163939)
Migrating to AddAddressesCheckoutsIndexes (20100504142133)
Migrating to AddIconToTaxons (20100506180619)
Migrating to AddDescriptionToTaxons (20100506185838)
Migrating to IndexForShipmentsNumber (20100528155333)
Migrating to AddIndexOnUsersPersistenceToken (20100528185820)
Migrating to AddDefaultToTaxCategories (20100605152042)
Migrating to AddDisplayToShippingMethods (20100624110730)
Migrating to RenamePaymentMethodDisplay (20100624123336)
Migrating to RenamePreferencesField (20100624175547)
Migrating to AddGuestFlag (20100811163637)
Migrating to DropOrderToken (20100811205836)
Migrating to PaymentsStateAndAssignedToOrderOnly (20100812162326)
Migrating to CreateAddressKeysForOrder (20100813023502)
Migrating to PaymentTotalForOrders (20100813185745)
Migrating to ShippingMethodIdForOrders (20100816212146)
Migrating to AddShipmentAndPaymentState (20100817152723)
Migrating to RefactorAdjustments (20100819170125)
Migrating to ResponseCodeAndAvsResponseForPayments (20100820135707)
Migrating to ChangeGuestFlagToAnonymous (20100901171814)
Migrating to EmailForOrders (20100903203949)
Migrating to UpdateCalculableTypeForPromotions (20100923095305)
Migrating to CreateMailMethods (20100923162011)
Migrating to RenameFrozenToLocked (20100929151905)
Migrating to MoveSpecialInstructionsToOrders (20101008190536)
Migrating to CreateLogEntries (20101026184700)
Migrating to MigrateTransactionsToPaymentState (20101026184714)
Migrating to DeleteInProgressOrders (20101026184746)
Migrating to MigrateCheckoutToOrders (20101026184808)
Migrating to MigrateAdjustments (20101026184833)
Migrating to RemoveShippedState (20101026184855)
Migrating to PreventNilPaymentTotal (20101026184916)
Migrating to PreventNilEmail (20101026184932)
Migrating to GenerateAnonymousUsers (20101026184959)
Migrating to UpdateOrderState (20101026185022)
Migrating to CleanupLegacyTables (20101026192225)
Migrating to RemoveNumberAndCvvFromCredicard (20101028151745)
Migrating to RenameColumnsForDevise (20101101185116)
Migrating to DropAnonymousFieldForUser (20101103212716)
Migrating to RenamedRmaCancelledState (20101111133551)
Migrating to FixProblematicIndexNames (20101117031806)
Migrating to CreateUserAuthentications (20101117212408)
Migrating to CreateAuthenticationMethods (20101207152830)
Migrating to ConvertUserRememberField (20101214150824)
Migrating to CreateTokenizedPermissions (20101217012656)
Migrating to TokensForLegacyOrders (20101219201531)
Migrating to AddPositionToVariants (20101223215658)
Migrating to AddNextStateToStateEvents (20110110130847)
Migrating to AddPositionToOptionTypes (20110111122537)
Migrating to AddRrpToProduct (20110125135821)
Migrating to RemoveTrailingSlashesInTaxonPermalinks (20110823102149)
Migrating to CreateActivators (20110823102150)
Migrating to EligibleForAdjustments (20110823102151)
Migrating to PromotionChangesToSubclassOfActivator (20110823102152)
Migrating to CreatePromotionActions (20110823102153)
Migrating to CreatePromotionActionLineItems (20110823102154)
Migrating to AddMetaTitleToPage (20110906181503)
Migrating to NamespaceTopLevelModels (20120209160827)
Migrating to MigrateNamespacedPolymorphicModels (20120209160828)
Migrating to MakeAdjustmentsPolymorphic (20120209160829)
Migrating to AddCompanyToAddresses (20120209160830)
Migrating to AddIncTaxToTaxRates (20120209160831)
Migrating to RenameIncPriceAttribute (20120209160832)
Migrating to AddDefaultTaxZone (20120209160833)
Migrating to AssociateShippingMethodsAndShippingCategories (20120209160834)
Migrating to AddMatchRulesToShippingMethods (20120209160835)
Migrating to NewPreferences (20120209160836)
Migrating to AddDeletedAtToTaxCategory (20120209160837)
Migrating to NamespaceTokenizedPermission (20120209160838)
Migrating to MigrateTokenizedPermissions (20120209160839)
Migrating to NamespacePromoTables (20120209160840)
Migrating to CreateSpreePendingPromotions (20120209160841)
Migrating to ContentVisitedEvent (20120209160842)
Migrating to PrefixTablesWithSpree (20120209160843)
Migrating to NamespaceSpreeSocialTables (20120209160844)
Migrating to PrefixTableNames (20120209160845)
Migrating to NamespacePaypalAccounts (20120209160846)
Migrating to UpdateRelationTypes (20120210084032)
Migrating to PrefixWishlistTablesWithSpree (20120210094721)
Migrating to UpdateAuthenticationMethods (20120228144316)
New Relic Agent not running.
Migrating to CreatePages (20081216193152)
Migrating to ExtendPages (20090625125735)
Migrating to AddVisibleToPages (20090814113100)
Migrating to AddDefaultTrueToVisibleForPage (20090814142845)
Migrating to SpreeZeroNineZero (20090823005402)
Migrating to AddIndexForPage (20090829000527)
Migrating to CreateIndexesForInventoryUnits (20090904192342)
Migrating to AddCountOnHandToVariantsAndProducts (20090923100315)
Migrating to ChangeTaxonsToNestedSet (20091007134354)
Migrating to MoveToConfigurableGateways (20091008091614)
Migrating to ProductGroupsAndScopes (20091012120519)
Migrating to AddOpenIdAuthenticationTables (20091015110842)
Migrating to AddOpenidFieldToUsers (20091015153048)
Migrating to ChangePreferenceValueType (20091016174634)
Migrating to CreateBillingIntegrations (20091017175558)
Migrating to CreateWishlists (20091020182940)
Migrating to CreateWishedProducts (20091020183520)
Migrating to ChargeRefactoring (20091021133257)
Migrating to AddSomeIndexes (20091104151730)
Migrating to CheckoutStateMachine (20091126190904)
Migrating to StateForShipments (20091209153045)
Migrating to MakeStateEventsPolymorphic (20091209202200)
Migrating to ShipAddressIdForCheckouts (20091211203813)
Migrating to ShippingMethodIdForCheckouts (20091212161118)
Migrating to CreditcardLastFourDigits (20091213222815)
Migrating to PopulateLegacyShipmentState (20091214183826)
Migrating to AddMetaFieldsToPages (20091219021134)
Migrating to AddCostPrice (20100105090147)
Migrating to ShipmentIdForInventoryUnits (20100105132138)
Migrating to AddApiKeyToUsers (20100107141738)
Migrating to CimFieldsForCreditcards (20100111205525)
Migrating to CreateReturnAuthorizations (20100112151511)
Migrating to AddReturnAuthorizationToInventoryUnits (20100113090919)
Migrating to CreateTrackers (20100113203104)
Migrating to CreditcardIdForCreditcardTxns (20100121160010)
Migrating to OriginalCreditcardTxnIdForCreditcardTxns (20100121183934)
Migrating to AddTestModeToBillingIntegration (20100125145351)
Migrating to CreateProductsProductGroups (20100126103714)
Migrating to AddLayoutToPages (20100204105222)
Migrating to CreatePaymentMethods (20100209025806)
Migrating to PolymorphicPayments (20100209144531)
Migrating to ChangePaymentsPaymentMethodToBelongsTo (20100213103131)
Migrating to AssignCreditcardTxnsToPayment (20100214212536)
Migrating to StiForTransactions (20100223170312)
Migrating to DropBillingIntegrations (20100223183812)
Migrating to CreatePaypalAccounts (20100224133156)
Migrating to DeletedAtForPaymentMethods (20100224153127)
Migrating to AddAdjustmentsIndex (20100301163454)
Migrating to FixByPopularity (20100306153445)
Migrating to CreateRelationTypes (20100308090631)
Migrating to CreateRelations (20100308092101)
Migrating to AddAltTextToImages (20100317120946)
Migrating to AddShowInSidebarOptionToPages (20100323085528)
Migrating to AddDiscountToRelation (20100324123835)
Migrating to RenameCouponsToPromotions (20100419190933)
Migrating to FixExistingCouponCredits (20100419194457)
Migrating to CreatePromotionRules (20100426100726)
Migrating to AddDisplayToPaymentMethods (20100427121301)
Migrating to MatchPolicyForPromotions (20100501084722)
Migrating to CreatePromotionRulesUsers (20100501095202)
Migrating to NameForPromotions (20100502163939)
Migrating to AddAddressesCheckoutsIndexes (20100504142133)
Migrating to AddIconToTaxons (20100506180619)
Migrating to AddDescriptionToTaxons (20100506185838)
Migrating to IndexForShipmentsNumber (20100528155333)
Migrating to AddIndexOnUsersPersistenceToken (20100528185820)
Migrating to AddDefaultToTaxCategories (20100605152042)
Migrating to AddDisplayToShippingMethods (20100624110730)
Migrating to RenamePaymentMethodDisplay (20100624123336)
Migrating to RenamePreferencesField (20100624175547)
Migrating to AddGuestFlag (20100811163637)
Migrating to DropOrderToken (20100811205836)
Migrating to PaymentsStateAndAssignedToOrderOnly (20100812162326)
Migrating to CreateAddressKeysForOrder (20100813023502)
Migrating to PaymentTotalForOrders (20100813185745)
Migrating to ShippingMethodIdForOrders (20100816212146)
Migrating to AddShipmentAndPaymentState (20100817152723)
Migrating to RefactorAdjustments (20100819170125)
Migrating to ResponseCodeAndAvsResponseForPayments (20100820135707)
Migrating to ChangeGuestFlagToAnonymous (20100901171814)
Migrating to EmailForOrders (20100903203949)
Migrating to UpdateCalculableTypeForPromotions (20100923095305)
Migrating to CreateMailMethods (20100923162011)
Migrating to RenameFrozenToLocked (20100929151905)
Migrating to MoveSpecialInstructionsToOrders (20101008190536)
Migrating to CreateLogEntries (20101026184700)
Migrating to MigrateTransactionsToPaymentState (20101026184714)
Migrating to DeleteInProgressOrders (20101026184746)
Migrating to MigrateCheckoutToOrders (20101026184808)
Migrating to MigrateAdjustments (20101026184833)
Migrating to RemoveShippedState (20101026184855)
Migrating to PreventNilPaymentTotal (20101026184916)
Migrating to PreventNilEmail (20101026184932)
Migrating to GenerateAnonymousUsers (20101026184959)
Migrating to UpdateOrderState (20101026185022)
Migrating to CleanupLegacyTables (20101026192225)
Migrating to RemoveNumberAndCvvFromCredicard (20101028151745)
Migrating to RenameColumnsForDevise (20101101185116)
Migrating to DropAnonymousFieldForUser (20101103212716)
Migrating to RenamedRmaCancelledState (20101111133551)
Migrating to FixProblematicIndexNames (20101117031806)
Migrating to CreateUserAuthentications (20101117212408)
Migrating to CreateAuthenticationMethods (20101207152830)
Migrating to ConvertUserRememberField (20101214150824)
Migrating to CreateTokenizedPermissions (20101217012656)
Migrating to TokensForLegacyOrders (20101219201531)
Migrating to AddPositionToVariants (20101223215658)
Migrating to AddNextStateToStateEvents (20110110130847)
Migrating to AddPositionToOptionTypes (20110111122537)
Migrating to AddRrpToProduct (20110125135821)
Migrating to RemoveTrailingSlashesInTaxonPermalinks (20110823102149)
Migrating to CreateActivators (20110823102150)
Migrating to EligibleForAdjustments (20110823102151)
Migrating to PromotionChangesToSubclassOfActivator (20110823102152)
Migrating to CreatePromotionActions (20110823102153)
Migrating to CreatePromotionActionLineItems (20110823102154)
Migrating to AddMetaTitleToPage (20110906181503)
Migrating to NamespaceTopLevelModels (20120209160827)
Migrating to MigrateNamespacedPolymorphicModels (20120209160828)
Migrating to MakeAdjustmentsPolymorphic (20120209160829)
Migrating to AddCompanyToAddresses (20120209160830)
Migrating to AddIncTaxToTaxRates (20120209160831)
Migrating to RenameIncPriceAttribute (20120209160832)
Migrating to AddDefaultTaxZone (20120209160833)
Migrating to AssociateShippingMethodsAndShippingCategories (20120209160834)
Migrating to AddMatchRulesToShippingMethods (20120209160835)
Migrating to NewPreferences (20120209160836)
Migrating to AddDeletedAtToTaxCategory (20120209160837)
Migrating to NamespaceTokenizedPermission (20120209160838)
Migrating to MigrateTokenizedPermissions (20120209160839)
Migrating to NamespacePromoTables (20120209160840)
Migrating to CreateSpreePendingPromotions (20120209160841)
Migrating to ContentVisitedEvent (20120209160842)
Migrating to PrefixTablesWithSpree (20120209160843)
Migrating to NamespaceSpreeSocialTables (20120209160844)
Migrating to PrefixTableNames (20120209160845)
Migrating to NamespacePaypalAccounts (20120209160846)
Migrating to UpdateRelationTypes (20120210084032)
Migrating to PrefixWishlistTablesWithSpree (20120210094721)
Migrating to UpdateAuthenticationMethods (20120228144316)
New Relic Agent not running.
Migrating to CreatePages (20081216193152)
Migrating to ExtendPages (20090625125735)
Migrating to AddVisibleToPages (20090814113100)
Migrating to AddDefaultTrueToVisibleForPage (20090814142845)
Migrating to SpreeZeroNineZero (20090823005402)
Migrating to AddIndexForPage (20090829000527)
Migrating to CreateIndexesForInventoryUnits (20090904192342)
Migrating to AddCountOnHandToVariantsAndProducts (20090923100315)
Migrating to ChangeTaxonsToNestedSet (20091007134354)
Migrating to MoveToConfigurableGateways (20091008091614)
Migrating to ProductGroupsAndScopes (20091012120519)
Migrating to AddOpenIdAuthenticationTables (20091015110842)
Migrating to AddOpenidFieldToUsers (20091015153048)
Migrating to ChangePreferenceValueType (20091016174634)
Migrating to CreateBillingIntegrations (20091017175558)
Migrating to CreateWishlists (20091020182940)
Migrating to CreateWishedProducts (20091020183520)
Migrating to ChargeRefactoring (20091021133257)
Migrating to AddSomeIndexes (20091104151730)
Migrating to CheckoutStateMachine (20091126190904)
Migrating to StateForShipments (20091209153045)
Migrating to MakeStateEventsPolymorphic (20091209202200)
Migrating to ShipAddressIdForCheckouts (20091211203813)
Migrating to ShippingMethodIdForCheckouts (20091212161118)
Migrating to CreditcardLastFourDigits (20091213222815)
Migrating to PopulateLegacyShipmentState (20091214183826)
Migrating to AddMetaFieldsToPages (20091219021134)
Migrating to AddCostPrice (20100105090147)
Migrating to ShipmentIdForInventoryUnits (20100105132138)
Migrating to AddApiKeyToUsers (20100107141738)
Migrating to CimFieldsForCreditcards (20100111205525)
Migrating to CreateReturnAuthorizations (20100112151511)
Migrating to AddReturnAuthorizationToInventoryUnits (20100113090919)
Migrating to CreateTrackers (20100113203104)
Migrating to CreditcardIdForCreditcardTxns (20100121160010)
Migrating to OriginalCreditcardTxnIdForCreditcardTxns (20100121183934)
Migrating to AddTestModeToBillingIntegration (20100125145351)
Migrating to CreateProductsProductGroups (20100126103714)
Migrating to AddLayoutToPages (20100204105222)
Migrating to CreatePaymentMethods (20100209025806)
Migrating to PolymorphicPayments (20100209144531)
Migrating to ChangePaymentsPaymentMethodToBelongsTo (20100213103131)
Migrating to AssignCreditcardTxnsToPayment (20100214212536)
Migrating to StiForTransactions (20100223170312)
Migrating to DropBillingIntegrations (20100223183812)
Migrating to CreatePaypalAccounts (20100224133156)
Migrating to DeletedAtForPaymentMethods (20100224153127)
Migrating to AddAdjustmentsIndex (20100301163454)
Migrating to FixByPopularity (20100306153445)
Migrating to CreateRelationTypes (20100308090631)
Migrating to CreateRelations (20100308092101)
Migrating to AddAltTextToImages (20100317120946)
Migrating to AddShowInSidebarOptionToPages (20100323085528)
Migrating to AddDiscountToRelation (20100324123835)
Migrating to RenameCouponsToPromotions (20100419190933)
Migrating to FixExistingCouponCredits (20100419194457)
Migrating to CreatePromotionRules (20100426100726)
Migrating to AddDisplayToPaymentMethods (20100427121301)
Migrating to MatchPolicyForPromotions (20100501084722)
Migrating to CreatePromotionRulesUsers (20100501095202)
Migrating to NameForPromotions (20100502163939)
Migrating to AddAddressesCheckoutsIndexes (20100504142133)
Migrating to AddIconToTaxons (20100506180619)
Migrating to AddDescriptionToTaxons (20100506185838)
Migrating to IndexForShipmentsNumber (20100528155333)
Migrating to AddIndexOnUsersPersistenceToken (20100528185820)
Migrating to AddDefaultToTaxCategories (20100605152042)
Migrating to AddDisplayToShippingMethods (20100624110730)
Migrating to RenamePaymentMethodDisplay (20100624123336)
Migrating to RenamePreferencesField (20100624175547)
Migrating to AddGuestFlag (20100811163637)
Migrating to DropOrderToken (20100811205836)
Migrating to PaymentsStateAndAssignedToOrderOnly (20100812162326)
Migrating to CreateAddressKeysForOrder (20100813023502)
Migrating to PaymentTotalForOrders (20100813185745)
Migrating to ShippingMethodIdForOrders (20100816212146)
Migrating to AddShipmentAndPaymentState (20100817152723)
Migrating to RefactorAdjustments (20100819170125)
Migrating to ResponseCodeAndAvsResponseForPayments (20100820135707)
Migrating to ChangeGuestFlagToAnonymous (20100901171814)
Migrating to EmailForOrders (20100903203949)
Migrating to UpdateCalculableTypeForPromotions (20100923095305)
Migrating to CreateMailMethods (20100923162011)
Migrating to RenameFrozenToLocked (20100929151905)
Migrating to MoveSpecialInstructionsToOrders (20101008190536)
Migrating to CreateLogEntries (20101026184700)
Migrating to MigrateTransactionsToPaymentState (20101026184714)
Migrating to DeleteInProgressOrders (20101026184746)
Migrating to MigrateCheckoutToOrders (20101026184808)
Migrating to MigrateAdjustments (20101026184833)
Migrating to RemoveShippedState (20101026184855)
Migrating to PreventNilPaymentTotal (20101026184916)
Migrating to PreventNilEmail (20101026184932)
Migrating to GenerateAnonymousUsers (20101026184959)
Migrating to UpdateOrderState (20101026185022)
Migrating to CleanupLegacyTables (20101026192225)
Migrating to RemoveNumberAndCvvFromCredicard (20101028151745)
Migrating to RenameColumnsForDevise (20101101185116)
Migrating to DropAnonymousFieldForUser (20101103212716)
Migrating to RenamedRmaCancelledState (20101111133551)
Migrating to FixProblematicIndexNames (20101117031806)
Migrating to CreateUserAuthentications (20101117212408)
Migrating to CreateAuthenticationMethods (20101207152830)
Migrating to ConvertUserRememberField (20101214150824)
Migrating to CreateTokenizedPermissions (20101217012656)
Migrating to TokensForLegacyOrders (20101219201531)
Migrating to AddPositionToVariants (20101223215658)
Migrating to AddNextStateToStateEvents (20110110130847)
Migrating to AddPositionToOptionTypes (20110111122537)
Migrating to AddRrpToProduct (20110125135821)
Migrating to RemoveTrailingSlashesInTaxonPermalinks (20110823102149)
Migrating to CreateActivators (20110823102150)
Migrating to EligibleForAdjustments (20110823102151)
Migrating to PromotionChangesToSubclassOfActivator (20110823102152)
Migrating to CreatePromotionActions (20110823102153)
Migrating to CreatePromotionActionLineItems (20110823102154)
Migrating to AddMetaTitleToPage (20110906181503)
Migrating to NamespaceTopLevelModels (20120209160827)
Migrating to MigrateNamespacedPolymorphicModels (20120209160828)
Migrating to MakeAdjustmentsPolymorphic (20120209160829)
Migrating to AddCompanyToAddresses (20120209160830)
Migrating to AddIncTaxToTaxRates (20120209160831)
Migrating to RenameIncPriceAttribute (20120209160832)
Migrating to AddDefaultTaxZone (20120209160833)
Migrating to AssociateShippingMethodsAndShippingCategories (20120209160834)
Migrating to AddMatchRulesToShippingMethods (20120209160835)
Migrating to NewPreferences (20120209160836)
Migrating to AddDeletedAtToTaxCategory (20120209160837)
Migrating to NamespaceTokenizedPermission (20120209160838)
Migrating to MigrateTokenizedPermissions (20120209160839)
Migrating to NamespacePromoTables (20120209160840)
Migrating to CreateSpreePendingPromotions (20120209160841)
Migrating to ContentVisitedEvent (20120209160842)
Migrating to PrefixTablesWithSpree (20120209160843)
Migrating to NamespaceSpreeSocialTables (20120209160844)
Migrating to PrefixTableNames (20120209160845)
Migrating to NamespacePaypalAccounts (20120209160846)
Migrating to UpdateRelationTypes (20120210084032)
Migrating to PrefixWishlistTablesWithSpree (20120210094721)
Migrating to UpdateAuthenticationMethods (20120228144316)
New Relic Agent not running.
Migrating to CreatePages (20081216193152)
Migrating to ExtendPages (20090625125735)
Migrating to AddVisibleToPages (20090814113100)
Migrating to AddDefaultTrueToVisibleForPage (20090814142845)
Migrating to SpreeZeroNineZero (20090823005402)
Migrating to AddIndexForPage (20090829000527)
Migrating to CreateIndexesForInventoryUnits (20090904192342)
Migrating to AddCountOnHandToVariantsAndProducts (20090923100315)
Migrating to ChangeTaxonsToNestedSet (20091007134354)
Migrating to MoveToConfigurableGateways (20091008091614)
Migrating to ProductGroupsAndScopes (20091012120519)
Migrating to AddOpenIdAuthenticationTables (20091015110842)
Migrating to AddOpenidFieldToUsers (20091015153048)
Migrating to ChangePreferenceValueType (20091016174634)
Migrating to CreateBillingIntegrations (20091017175558)
Migrating to CreateWishlists (20091020182940)
Migrating to CreateWishedProducts (20091020183520)
Migrating to ChargeRefactoring (20091021133257)
Migrating to AddSomeIndexes (20091104151730)
Migrating to CheckoutStateMachine (20091126190904)
Migrating to StateForShipments (20091209153045)
Migrating to MakeStateEventsPolymorphic (20091209202200)
Migrating to ShipAddressIdForCheckouts (20091211203813)
Migrating to ShippingMethodIdForCheckouts (20091212161118)
Migrating to CreditcardLastFourDigits (20091213222815)
Migrating to PopulateLegacyShipmentState (20091214183826)
Migrating to AddMetaFieldsToPages (20091219021134)
Migrating to AddCostPrice (20100105090147)
Migrating to ShipmentIdForInventoryUnits (20100105132138)
Migrating to AddApiKeyToUsers (20100107141738)
Migrating to CimFieldsForCreditcards (20100111205525)
Migrating to CreateReturnAuthorizations (20100112151511)
Migrating to AddReturnAuthorizationToInventoryUnits (20100113090919)
Migrating to CreateTrackers (20100113203104)
Migrating to CreditcardIdForCreditcardTxns (20100121160010)
Migrating to OriginalCreditcardTxnIdForCreditcardTxns (20100121183934)
Migrating to AddTestModeToBillingIntegration (20100125145351)
Migrating to CreateProductsProductGroups (20100126103714)
Migrating to AddLayoutToPages (20100204105222)
Migrating to CreatePaymentMethods (20100209025806)
Migrating to PolymorphicPayments (20100209144531)
Migrating to ChangePaymentsPaymentMethodToBelongsTo (20100213103131)
Migrating to AssignCreditcardTxnsToPayment (20100214212536)
Migrating to StiForTransactions (20100223170312)
Migrating to DropBillingIntegrations (20100223183812)
Migrating to CreatePaypalAccounts (20100224133156)
Migrating to DeletedAtForPaymentMethods (20100224153127)
Migrating to AddAdjustmentsIndex (20100301163454)
Migrating to FixByPopularity (20100306153445)
Migrating to CreateRelationTypes (20100308090631)
Migrating to CreateRelations (20100308092101)
Migrating to AddAltTextToImages (20100317120946)
Migrating to AddShowInSidebarOptionToPages (20100323085528)
Migrating to AddDiscountToRelation (20100324123835)
Migrating to RenameCouponsToPromotions (20100419190933)
Migrating to FixExistingCouponCredits (20100419194457)
Migrating to CreatePromotionRules (20100426100726)
Migrating to AddDisplayToPaymentMethods (20100427121301)
Migrating to MatchPolicyForPromotions (20100501084722)
Migrating to CreatePromotionRulesUsers (20100501095202)
Migrating to NameForPromotions (20100502163939)
Migrating to AddAddressesCheckoutsIndexes (20100504142133)
Migrating to AddIconToTaxons (20100506180619)
Migrating to AddDescriptionToTaxons (20100506185838)
Migrating to IndexForShipmentsNumber (20100528155333)
Migrating to AddIndexOnUsersPersistenceToken (20100528185820)
Migrating to AddDefaultToTaxCategories (20100605152042)
Migrating to AddDisplayToShippingMethods (20100624110730)
Migrating to RenamePaymentMethodDisplay (20100624123336)
Migrating to RenamePreferencesField (20100624175547)
Migrating to AddGuestFlag (20100811163637)
Migrating to DropOrderToken (20100811205836)
Migrating to PaymentsStateAndAssignedToOrderOnly (20100812162326)
Migrating to CreateAddressKeysForOrder (20100813023502)
Migrating to PaymentTotalForOrders (20100813185745)
Migrating to ShippingMethodIdForOrders (20100816212146)
Migrating to AddShipmentAndPaymentState (20100817152723)
Migrating to RefactorAdjustments (20100819170125)
Migrating to ResponseCodeAndAvsResponseForPayments (20100820135707)
Migrating to ChangeGuestFlagToAnonymous (20100901171814)
Migrating to EmailForOrders (20100903203949)
Migrating to UpdateCalculableTypeForPromotions (20100923095305)
Migrating to CreateMailMethods (20100923162011)
Migrating to RenameFrozenToLocked (20100929151905)
Migrating to MoveSpecialInstructionsToOrders (20101008190536)
Migrating to CreateLogEntries (20101026184700)
Migrating to MigrateTransactionsToPaymentState (20101026184714)
Migrating to DeleteInProgressOrders (20101026184746)
Migrating to MigrateCheckoutToOrders (20101026184808)
Migrating to MigrateAdjustments (20101026184833)
Migrating to RemoveShippedState (20101026184855)
Migrating to PreventNilPaymentTotal (20101026184916)
Migrating to PreventNilEmail (20101026184932)
Migrating to GenerateAnonymousUsers (20101026184959)
Migrating to UpdateOrderState (20101026185022)
Migrating to CleanupLegacyTables (20101026192225)
Migrating to RemoveNumberAndCvvFromCredicard (20101028151745)
Migrating to RenameColumnsForDevise (20101101185116)
Migrating to DropAnonymousFieldForUser (20101103212716)
Migrating to RenamedRmaCancelledState (20101111133551)
Migrating to FixProblematicIndexNames (20101117031806)
Migrating to CreateUserAuthentications (20101117212408)
Migrating to CreateAuthenticationMethods (20101207152830)
Migrating to ConvertUserRememberField (20101214150824)
Migrating to CreateTokenizedPermissions (20101217012656)
Migrating to TokensForLegacyOrders (20101219201531)
Migrating to AddPositionToVariants (20101223215658)
Migrating to AddNextStateToStateEvents (20110110130847)
Migrating to AddPositionToOptionTypes (20110111122537)
Migrating to AddRrpToProduct (20110125135821)
Migrating to RemoveTrailingSlashesInTaxonPermalinks (20110823102149)
Migrating to CreateActivators (20110823102150)
Migrating to EligibleForAdjustments (20110823102151)
Migrating to PromotionChangesToSubclassOfActivator (20110823102152)
Migrating to CreatePromotionActions (20110823102153)
Migrating to CreatePromotionActionLineItems (20110823102154)
Migrating to AddMetaTitleToPage (20110906181503)
Migrating to NamespaceTopLevelModels (20120209160827)
Migrating to MigrateNamespacedPolymorphicModels (20120209160828)
Migrating to MakeAdjustmentsPolymorphic (20120209160829)
Migrating to AddCompanyToAddresses (20120209160830)
Migrating to AddIncTaxToTaxRates (20120209160831)
Migrating to RenameIncPriceAttribute (20120209160832)
Migrating to AddDefaultTaxZone (20120209160833)
Migrating to AssociateShippingMethodsAndShippingCategories (20120209160834)
Migrating to AddMatchRulesToShippingMethods (20120209160835)
Migrating to NewPreferences (20120209160836)
Migrating to AddDeletedAtToTaxCategory (20120209160837)
Migrating to NamespaceTokenizedPermission (20120209160838)
Migrating to MigrateTokenizedPermissions (20120209160839)
Migrating to NamespacePromoTables (20120209160840)
Migrating to CreateSpreePendingPromotions (20120209160841)
Migrating to ContentVisitedEvent (20120209160842)
Migrating to PrefixTablesWithSpree (20120209160843)
Migrating to NamespaceSpreeSocialTables (20120209160844)
Migrating to PrefixTableNames (20120209160845)
Migrating to NamespacePaypalAccounts (20120209160846)
Migrating to UpdateRelationTypes (20120210084032)
Migrating to PrefixWishlistTablesWithSpree (20120210094721)
Migrating to UpdateAuthenticationMethods (20120228144316)
New Relic Agent not running.
Migrating to CreatePages (20081216193152)
Migrating to ExtendPages (20090625125735)
Migrating to AddVisibleToPages (20090814113100)
Migrating to AddDefaultTrueToVisibleForPage (20090814142845)
Migrating to SpreeZeroNineZero (20090823005402)
Migrating to AddIndexForPage (20090829000527)
Migrating to CreateIndexesForInventoryUnits (20090904192342)
Migrating to AddCountOnHandToVariantsAndProducts (20090923100315)
Migrating to ChangeTaxonsToNestedSet (20091007134354)
Migrating to MoveToConfigurableGateways (20091008091614)
Migrating to ProductGroupsAndScopes (20091012120519)
Migrating to AddOpenIdAuthenticationTables (20091015110842)
Migrating to AddOpenidFieldToUsers (20091015153048)
Migrating to ChangePreferenceValueType (20091016174634)
Migrating to CreateBillingIntegrations (20091017175558)
Migrating to CreateWishlists (20091020182940)
Migrating to CreateWishedProducts (20091020183520)
Migrating to ChargeRefactoring (20091021133257)
Migrating to AddSomeIndexes (20091104151730)
Migrating to CheckoutStateMachine (20091126190904)
Migrating to StateForShipments (20091209153045)
Migrating to MakeStateEventsPolymorphic (20091209202200)
Migrating to ShipAddressIdForCheckouts (20091211203813)
Migrating to ShippingMethodIdForCheckouts (20091212161118)
Migrating to CreditcardLastFourDigits (20091213222815)
Migrating to PopulateLegacyShipmentState (20091214183826)
Migrating to AddMetaFieldsToPages (20091219021134)
Migrating to AddCostPrice (20100105090147)
Migrating to ShipmentIdForInventoryUnits (20100105132138)
Migrating to AddApiKeyToUsers (20100107141738)
Migrating to CimFieldsForCreditcards (20100111205525)
Migrating to CreateReturnAuthorizations (20100112151511)
Migrating to AddReturnAuthorizationToInventoryUnits (20100113090919)
Migrating to CreateTrackers (20100113203104)
Migrating to CreditcardIdForCreditcardTxns (20100121160010)
Migrating to OriginalCreditcardTxnIdForCreditcardTxns (20100121183934)
Migrating to AddTestModeToBillingIntegration (20100125145351)
Migrating to CreateProductsProductGroups (20100126103714)
Migrating to AddLayoutToPages (20100204105222)
Migrating to CreatePaymentMethods (20100209025806)
Migrating to PolymorphicPayments (20100209144531)
Migrating to ChangePaymentsPaymentMethodToBelongsTo (20100213103131)
Migrating to AssignCreditcardTxnsToPayment (20100214212536)
Migrating to StiForTransactions (20100223170312)
Migrating to DropBillingIntegrations (20100223183812)
Migrating to CreatePaypalAccounts (20100224133156)
Migrating to DeletedAtForPaymentMethods (20100224153127)
Migrating to AddAdjustmentsIndex (20100301163454)
Migrating to FixByPopularity (20100306153445)
Migrating to CreateRelationTypes (20100308090631)
Migrating to CreateRelations (20100308092101)
Migrating to AddAltTextToImages (20100317120946)
Migrating to AddShowInSidebarOptionToPages (20100323085528)
Migrating to AddDiscountToRelation (20100324123835)
Migrating to RenameCouponsToPromotions (20100419190933)
Migrating to FixExistingCouponCredits (20100419194457)
Migrating to CreatePromotionRules (20100426100726)
Migrating to AddDisplayToPaymentMethods (20100427121301)
Migrating to MatchPolicyForPromotions (20100501084722)
Migrating to CreatePromotionRulesUsers (20100501095202)
Migrating to NameForPromotions (20100502163939)
Migrating to AddAddressesCheckoutsIndexes (20100504142133)
Migrating to AddIconToTaxons (20100506180619)
Migrating to AddDescriptionToTaxons (20100506185838)
Migrating to IndexForShipmentsNumber (20100528155333)
Migrating to AddIndexOnUsersPersistenceToken (20100528185820)
Migrating to AddDefaultToTaxCategories (20100605152042)
Migrating to AddDisplayToShippingMethods (20100624110730)
Migrating to RenamePaymentMethodDisplay (20100624123336)
Migrating to RenamePreferencesField (20100624175547)
Migrating to AddGuestFlag (20100811163637)
Migrating to DropOrderToken (20100811205836)
Migrating to PaymentsStateAndAssignedToOrderOnly (20100812162326)
Migrating to CreateAddressKeysForOrder (20100813023502)
Migrating to PaymentTotalForOrders (20100813185745)
Migrating to ShippingMethodIdForOrders (20100816212146)
Migrating to AddShipmentAndPaymentState (20100817152723)
Migrating to RefactorAdjustments (20100819170125)
Migrating to ResponseCodeAndAvsResponseForPayments (20100820135707)
Migrating to ChangeGuestFlagToAnonymous (20100901171814)
Migrating to EmailForOrders (20100903203949)
Migrating to UpdateCalculableTypeForPromotions (20100923095305)
Migrating to CreateMailMethods (20100923162011)
Migrating to RenameFrozenToLocked (20100929151905)
Migrating to MoveSpecialInstructionsToOrders (20101008190536)
Migrating to CreateLogEntries (20101026184700)
Migrating to MigrateTransactionsToPaymentState (20101026184714)
Migrating to DeleteInProgressOrders (20101026184746)
Migrating to MigrateCheckoutToOrders (20101026184808)
Migrating to MigrateAdjustments (20101026184833)
Migrating to RemoveShippedState (20101026184855)
Migrating to PreventNilPaymentTotal (20101026184916)
Migrating to PreventNilEmail (20101026184932)
Migrating to GenerateAnonymousUsers (20101026184959)
Migrating to UpdateOrderState (20101026185022)
Migrating to CleanupLegacyTables (20101026192225)
Migrating to RemoveNumberAndCvvFromCredicard (20101028151745)
Migrating to RenameColumnsForDevise (20101101185116)
Migrating to DropAnonymousFieldForUser (20101103212716)
Migrating to RenamedRmaCancelledState (20101111133551)
Migrating to FixProblematicIndexNames (20101117031806)
Migrating to CreateUserAuthentications (20101117212408)
Migrating to CreateAuthenticationMethods (20101207152830)
Migrating to ConvertUserRememberField (20101214150824)
Migrating to CreateTokenizedPermissions (20101217012656)
Migrating to TokensForLegacyOrders (20101219201531)
Migrating to AddPositionToVariants (20101223215658)
Migrating to AddNextStateToStateEvents (20110110130847)
Migrating to AddPositionToOptionTypes (20110111122537)
Migrating to AddRrpToProduct (20110125135821)
Migrating to RemoveTrailingSlashesInTaxonPermalinks (20110823102149)
Migrating to CreateActivators (20110823102150)
Migrating to EligibleForAdjustments (20110823102151)
Migrating to PromotionChangesToSubclassOfActivator (20110823102152)
Migrating to CreatePromotionActions (20110823102153)
Migrating to CreatePromotionActionLineItems (20110823102154)
Migrating to AddMetaTitleToPage (20110906181503)
Migrating to NamespaceTopLevelModels (20120209160827)
Migrating to MigrateNamespacedPolymorphicModels (20120209160828)
Migrating to MakeAdjustmentsPolymorphic (20120209160829)
Migrating to AddCompanyToAddresses (20120209160830)
Migrating to AddIncTaxToTaxRates (20120209160831)
Migrating to RenameIncPriceAttribute (20120209160832)
Migrating to AddDefaultTaxZone (20120209160833)
Migrating to AssociateShippingMethodsAndShippingCategories (20120209160834)
Migrating to AddMatchRulesToShippingMethods (20120209160835)
Migrating to NewPreferences (20120209160836)
Migrating to AddDeletedAtToTaxCategory (20120209160837)
Migrating to NamespaceTokenizedPermission (20120209160838)
Migrating to MigrateTokenizedPermissions (20120209160839)
Migrating to NamespacePromoTables (20120209160840)
Migrating to CreateSpreePendingPromotions (20120209160841)
Migrating to ContentVisitedEvent (20120209160842)
Migrating to PrefixTablesWithSpree (20120209160843)
Migrating to NamespaceSpreeSocialTables (20120209160844)
Migrating to PrefixTableNames (20120209160845)
Migrating to NamespacePaypalAccounts (20120209160846)
Migrating to UpdateRelationTypes (20120210084032)
Migrating to PrefixWishlistTablesWithSpree (20120210094721)
Migrating to UpdateAuthenticationMethods (20120228144316)
