I, [2012-04-01T18:44:04.281986 #16112]  INFO -- : listening on addr=0.0.0.0:3000 fd=3
I, [2012-04-01T18:44:04.282640 #16112]  INFO -- : listening on addr=0.0.0.0:8080 fd=5
I, [2012-04-01T18:44:04.283255 #16112]  INFO -- : Refreshing Gem list
/usr/local/lib/ruby/gems/1.9.1/gems/bundler-1.1.3/lib/bundler/runtime.rb:31:in `block in setup': You have already activated rack 1.4.1, but your Gemfile requires rack 1.3.6. Using bundle exec may solve this. (Gem::LoadError)
	from /usr/local/lib/ruby/gems/1.9.1/gems/bundler-1.1.3/lib/bundler/runtime.rb:17:in `setup'
	from /usr/local/lib/ruby/gems/1.9.1/gems/bundler-1.1.3/lib/bundler.rb:107:in `setup'
	from /usr/local/lib/ruby/gems/1.9.1/gems/bundler-1.1.3/lib/bundler/setup.rb:17:in `<top (required)>'
	from /usr/local/lib/ruby/site_ruby/1.9.1/rubygems/custom_require.rb:59:in `require'
	from /usr/local/lib/ruby/site_ruby/1.9.1/rubygems/custom_require.rb:59:in `rescue in require'
	from /usr/local/lib/ruby/site_ruby/1.9.1/rubygems/custom_require.rb:35:in `require'
	from /home/deployer/demo/releases/20120401182952/config/boot.rb:6:in `<top (required)>'
	from /usr/local/lib/ruby/site_ruby/1.9.1/rubygems/custom_require.rb:36:in `require'
	from /usr/local/lib/ruby/site_ruby/1.9.1/rubygems/custom_require.rb:36:in `require'
	from /home/deployer/demo/releases/20120401182952/config/application.rb:1:in `<top (required)>'
	from /usr/local/lib/ruby/site_ruby/1.9.1/rubygems/custom_require.rb:36:in `require'
	from /usr/local/lib/ruby/site_ruby/1.9.1/rubygems/custom_require.rb:36:in `require'
	from /home/deployer/demo/releases/20120401182952/config/environment.rb:2:in `<top (required)>'
	from /usr/local/lib/ruby/site_ruby/1.9.1/rubygems/custom_require.rb:36:in `require'
	from /usr/local/lib/ruby/site_ruby/1.9.1/rubygems/custom_require.rb:36:in `require'
	from config.ru:4:in `block in <main>'
	from /usr/local/lib/ruby/gems/1.9.1/gems/rack-1.4.1/lib/rack/builder.rb:51:in `instance_eval'
	from /usr/local/lib/ruby/gems/1.9.1/gems/rack-1.4.1/lib/rack/builder.rb:51:in `initialize'
	from config.ru:1:in `new'
	from config.ru:1:in `<main>'
	from /usr/local/lib/ruby/gems/1.9.1/gems/unicorn-4.2.0/lib/unicorn.rb:44:in `eval'
	from /usr/local/lib/ruby/gems/1.9.1/gems/unicorn-4.2.0/lib/unicorn.rb:44:in `block in builder'
	from /usr/local/lib/ruby/gems/1.9.1/gems/unicorn-4.2.0/bin/unicorn_rails:139:in `call'
	from /usr/local/lib/ruby/gems/1.9.1/gems/unicorn-4.2.0/bin/unicorn_rails:139:in `block in rails_builder'
	from /usr/local/lib/ruby/gems/1.9.1/gems/unicorn-4.2.0/lib/unicorn/http_server.rb:691:in `call'
	from /usr/local/lib/ruby/gems/1.9.1/gems/unicorn-4.2.0/lib/unicorn/http_server.rb:691:in `build_app!'
	from /usr/local/lib/ruby/gems/1.9.1/gems/unicorn-4.2.0/lib/unicorn/http_server.rb:136:in `start'
	from /usr/local/lib/ruby/gems/1.9.1/gems/unicorn-4.2.0/bin/unicorn_rails:209:in `<top (required)>'
	from /usr/local/bin/unicorn_rails:19:in `load'
	from /usr/local/bin/unicorn_rails:19:in `<main>'
I, [2012-04-01T18:48:45.576070 #16378]  INFO -- : listening on addr=0.0.0.0:3000 fd=3
I, [2012-04-01T18:48:45.576759 #16378]  INFO -- : listening on addr=0.0.0.0:8080 fd=5
I, [2012-04-01T18:48:45.584823 #16378]  INFO -- : Refreshing Gem list
/usr/local/lib/ruby/gems/1.9.1/gems/bundler-1.1.3/lib/bundler/runtime.rb:31:in `block in setup': You have already activated rack 1.4.1, but your Gemfile requires rack 1.3.6. Using bundle exec may solve this. (Gem::LoadError)
	from /usr/local/lib/ruby/gems/1.9.1/gems/bundler-1.1.3/lib/bundler/runtime.rb:17:in `setup'
	from /usr/local/lib/ruby/gems/1.9.1/gems/bundler-1.1.3/lib/bundler.rb:107:in `setup'
	from /usr/local/lib/ruby/gems/1.9.1/gems/bundler-1.1.3/lib/bundler/setup.rb:17:in `<top (required)>'
	from /usr/local/lib/ruby/site_ruby/1.9.1/rubygems/custom_require.rb:59:in `require'
	from /usr/local/lib/ruby/site_ruby/1.9.1/rubygems/custom_require.rb:59:in `rescue in require'
	from /usr/local/lib/ruby/site_ruby/1.9.1/rubygems/custom_require.rb:35:in `require'
	from /home/deployer/demo/releases/20120401182952/config/boot.rb:6:in `<top (required)>'
	from /usr/local/lib/ruby/site_ruby/1.9.1/rubygems/custom_require.rb:36:in `require'
	from /usr/local/lib/ruby/site_ruby/1.9.1/rubygems/custom_require.rb:36:in `require'
	from /home/deployer/demo/releases/20120401182952/config/application.rb:1:in `<top (required)>'
	from /usr/local/lib/ruby/site_ruby/1.9.1/rubygems/custom_require.rb:36:in `require'
	from /usr/local/lib/ruby/site_ruby/1.9.1/rubygems/custom_require.rb:36:in `require'
	from /home/deployer/demo/releases/20120401182952/config/environment.rb:2:in `<top (required)>'
	from /usr/local/lib/ruby/site_ruby/1.9.1/rubygems/custom_require.rb:36:in `require'
	from /usr/local/lib/ruby/site_ruby/1.9.1/rubygems/custom_require.rb:36:in `require'
	from config.ru:4:in `block in <main>'
	from /usr/local/lib/ruby/gems/1.9.1/gems/rack-1.4.1/lib/rack/builder.rb:51:in `instance_eval'
	from /usr/local/lib/ruby/gems/1.9.1/gems/rack-1.4.1/lib/rack/builder.rb:51:in `initialize'
	from config.ru:1:in `new'
	from config.ru:1:in `<main>'
	from /usr/local/lib/ruby/gems/1.9.1/gems/unicorn-4.2.0/lib/unicorn.rb:44:in `eval'
	from /usr/local/lib/ruby/gems/1.9.1/gems/unicorn-4.2.0/lib/unicorn.rb:44:in `block in builder'
	from /usr/local/lib/ruby/gems/1.9.1/gems/unicorn-4.2.0/bin/unicorn_rails:139:in `call'
	from /usr/local/lib/ruby/gems/1.9.1/gems/unicorn-4.2.0/bin/unicorn_rails:139:in `block in rails_builder'
	from /usr/local/lib/ruby/gems/1.9.1/gems/unicorn-4.2.0/lib/unicorn/http_server.rb:691:in `call'
	from /usr/local/lib/ruby/gems/1.9.1/gems/unicorn-4.2.0/lib/unicorn/http_server.rb:691:in `build_app!'
	from /usr/local/lib/ruby/gems/1.9.1/gems/unicorn-4.2.0/lib/unicorn/http_server.rb:136:in `start'
	from /usr/local/lib/ruby/gems/1.9.1/gems/unicorn-4.2.0/bin/unicorn_rails:209:in `<top (required)>'
	from /usr/local/bin/unicorn_rails:19:in `load'
	from /usr/local/bin/unicorn_rails:19:in `<main>'
I, [2012-04-01T18:59:50.350728 #16885]  INFO -- : listening on addr=0.0.0.0:3000 fd=3
I, [2012-04-01T18:59:50.351305 #16885]  INFO -- : listening on addr=/tmp/.sock fd=5
I, [2012-04-01T18:59:50.351644 #16885]  INFO -- : listening on addr=0.0.0.0:8080 fd=6
I, [2012-04-01T18:59:50.352263 #16885]  INFO -- : Refreshing Gem list
/usr/local/lib/ruby/gems/1.9.1/gems/bundler-1.1.3/lib/bundler/runtime.rb:31:in `block in setup': You have already activated rack 1.4.1, but your Gemfile requires rack 1.3.6. Using bundle exec may solve this. (Gem::LoadError)
	from /usr/local/lib/ruby/gems/1.9.1/gems/bundler-1.1.3/lib/bundler/runtime.rb:17:in `setup'
	from /usr/local/lib/ruby/gems/1.9.1/gems/bundler-1.1.3/lib/bundler.rb:107:in `setup'
	from /usr/local/lib/ruby/gems/1.9.1/gems/bundler-1.1.3/lib/bundler/setup.rb:17:in `<top (required)>'
	from /usr/local/lib/ruby/site_ruby/1.9.1/rubygems/custom_require.rb:59:in `require'
	from /usr/local/lib/ruby/site_ruby/1.9.1/rubygems/custom_require.rb:59:in `rescue in require'
	from /usr/local/lib/ruby/site_ruby/1.9.1/rubygems/custom_require.rb:35:in `require'
	from /home/deployer/demo/releases/20120401182952/config/boot.rb:6:in `<top (required)>'
	from /usr/local/lib/ruby/site_ruby/1.9.1/rubygems/custom_require.rb:36:in `require'
	from /usr/local/lib/ruby/site_ruby/1.9.1/rubygems/custom_require.rb:36:in `require'
	from /home/deployer/demo/releases/20120401182952/config/application.rb:1:in `<top (required)>'
	from /usr/local/lib/ruby/site_ruby/1.9.1/rubygems/custom_require.rb:36:in `require'
	from /usr/local/lib/ruby/site_ruby/1.9.1/rubygems/custom_require.rb:36:in `require'
	from /home/deployer/demo/releases/20120401182952/config/environment.rb:2:in `<top (required)>'
	from /usr/local/lib/ruby/site_ruby/1.9.1/rubygems/custom_require.rb:36:in `require'
	from /usr/local/lib/ruby/site_ruby/1.9.1/rubygems/custom_require.rb:36:in `require'
	from config.ru:4:in `block in <main>'
	from /usr/local/lib/ruby/gems/1.9.1/gems/rack-1.4.1/lib/rack/builder.rb:51:in `instance_eval'
	from /usr/local/lib/ruby/gems/1.9.1/gems/rack-1.4.1/lib/rack/builder.rb:51:in `initialize'
	from config.ru:1:in `new'
	from config.ru:1:in `<main>'
	from /usr/local/lib/ruby/gems/1.9.1/gems/unicorn-4.2.0/lib/unicorn.rb:44:in `eval'
	from /usr/local/lib/ruby/gems/1.9.1/gems/unicorn-4.2.0/lib/unicorn.rb:44:in `block in builder'
	from /usr/local/lib/ruby/gems/1.9.1/gems/unicorn-4.2.0/bin/unicorn_rails:139:in `call'
	from /usr/local/lib/ruby/gems/1.9.1/gems/unicorn-4.2.0/bin/unicorn_rails:139:in `block in rails_builder'
	from /usr/local/lib/ruby/gems/1.9.1/gems/unicorn-4.2.0/lib/unicorn/http_server.rb:691:in `call'
	from /usr/local/lib/ruby/gems/1.9.1/gems/unicorn-4.2.0/lib/unicorn/http_server.rb:691:in `build_app!'
	from /usr/local/lib/ruby/gems/1.9.1/gems/unicorn-4.2.0/lib/unicorn/http_server.rb:136:in `start'
	from /usr/local/lib/ruby/gems/1.9.1/gems/unicorn-4.2.0/bin/unicorn_rails:209:in `<top (required)>'
	from /usr/local/bin/unicorn_rails:19:in `load'
	from /usr/local/bin/unicorn_rails:19:in `<main>'
I, [2012-04-01T19:06:33.425908 #17568]  INFO -- : listening on addr=0.0.0.0:3000 fd=3
I, [2012-04-01T19:06:33.447144 #17568]  INFO -- : unlinking existing socket=/tmp/.sock
I, [2012-04-01T19:06:33.447318 #17568]  INFO -- : listening on addr=/tmp/.sock fd=5
I, [2012-04-01T19:06:33.447656 #17568]  INFO -- : listening on addr=0.0.0.0:8080 fd=6
I, [2012-04-01T19:06:33.464862 #17568]  INFO -- : Refreshing Gem list
/usr/local/lib/ruby/gems/1.9.1/gems/bundler-1.1.3/lib/bundler/runtime.rb:31:in `block in setup': You have already activated rack 1.4.1, but your Gemfile requires rack 1.3.6. Using bundle exec may solve this. (Gem::LoadError)
	from /usr/local/lib/ruby/gems/1.9.1/gems/bundler-1.1.3/lib/bundler/runtime.rb:17:in `setup'
	from /usr/local/lib/ruby/gems/1.9.1/gems/bundler-1.1.3/lib/bundler.rb:107:in `setup'
	from /usr/local/lib/ruby/gems/1.9.1/gems/bundler-1.1.3/lib/bundler/setup.rb:17:in `<top (required)>'
	from /usr/local/lib/ruby/site_ruby/1.9.1/rubygems/custom_require.rb:59:in `require'
	from /usr/local/lib/ruby/site_ruby/1.9.1/rubygems/custom_require.rb:59:in `rescue in require'
	from /usr/local/lib/ruby/site_ruby/1.9.1/rubygems/custom_require.rb:35:in `require'
	from /home/deployer/demo/releases/20120401190123/config/boot.rb:6:in `<top (required)>'
	from /usr/local/lib/ruby/site_ruby/1.9.1/rubygems/custom_require.rb:36:in `require'
	from /usr/local/lib/ruby/site_ruby/1.9.1/rubygems/custom_require.rb:36:in `require'
	from /home/deployer/demo/releases/20120401190123/config/application.rb:1:in `<top (required)>'
	from /usr/local/lib/ruby/site_ruby/1.9.1/rubygems/custom_require.rb:36:in `require'
	from /usr/local/lib/ruby/site_ruby/1.9.1/rubygems/custom_require.rb:36:in `require'
	from /home/deployer/demo/releases/20120401190123/config/environment.rb:2:in `<top (required)>'
	from /usr/local/lib/ruby/site_ruby/1.9.1/rubygems/custom_require.rb:36:in `require'
	from /usr/local/lib/ruby/site_ruby/1.9.1/rubygems/custom_require.rb:36:in `require'
	from config.ru:4:in `block in <main>'
	from /usr/local/lib/ruby/gems/1.9.1/gems/rack-1.4.1/lib/rack/builder.rb:51:in `instance_eval'
	from /usr/local/lib/ruby/gems/1.9.1/gems/rack-1.4.1/lib/rack/builder.rb:51:in `initialize'
	from config.ru:1:in `new'
	from config.ru:1:in `<main>'
	from /usr/local/lib/ruby/gems/1.9.1/gems/unicorn-4.2.0/lib/unicorn.rb:44:in `eval'
	from /usr/local/lib/ruby/gems/1.9.1/gems/unicorn-4.2.0/lib/unicorn.rb:44:in `block in builder'
	from /usr/local/lib/ruby/gems/1.9.1/gems/unicorn-4.2.0/bin/unicorn_rails:139:in `call'
	from /usr/local/lib/ruby/gems/1.9.1/gems/unicorn-4.2.0/bin/unicorn_rails:139:in `block in rails_builder'
	from /usr/local/lib/ruby/gems/1.9.1/gems/unicorn-4.2.0/lib/unicorn/http_server.rb:691:in `call'
	from /usr/local/lib/ruby/gems/1.9.1/gems/unicorn-4.2.0/lib/unicorn/http_server.rb:691:in `build_app!'
	from /usr/local/lib/ruby/gems/1.9.1/gems/unicorn-4.2.0/lib/unicorn/http_server.rb:136:in `start'
	from /usr/local/lib/ruby/gems/1.9.1/gems/unicorn-4.2.0/bin/unicorn_rails:209:in `<top (required)>'
	from /usr/local/bin/unicorn_rails:19:in `load'
	from /usr/local/bin/unicorn_rails:19:in `<main>'
I, [2012-04-01T19:20:58.054352 #18349]  INFO -- : listening on addr=0.0.0.0:3000 fd=3
I, [2012-04-01T19:20:58.054927 #18349]  INFO -- : unlinking existing socket=/tmp/.sock
I, [2012-04-01T19:20:58.055089 #18349]  INFO -- : listening on addr=/tmp/.sock fd=5
I, [2012-04-01T19:20:58.055408 #18349]  INFO -- : listening on addr=0.0.0.0:8080 fd=6
I, [2012-04-01T19:20:58.056007 #18349]  INFO -- : Refreshing Gem list
/usr/local/lib/ruby/gems/1.9.1/gems/bundler-1.1.3/lib/bundler/runtime.rb:31:in `block in setup': You have already activated rack 1.4.1, but your Gemfile requires rack 1.3.6. Using bundle exec may solve this. (Gem::LoadError)
	from /usr/local/lib/ruby/gems/1.9.1/gems/bundler-1.1.3/lib/bundler/runtime.rb:17:in `setup'
	from /usr/local/lib/ruby/gems/1.9.1/gems/bundler-1.1.3/lib/bundler.rb:107:in `setup'
	from /usr/local/lib/ruby/gems/1.9.1/gems/bundler-1.1.3/lib/bundler/setup.rb:17:in `<top (required)>'
	from /usr/local/lib/ruby/site_ruby/1.9.1/rubygems/custom_require.rb:59:in `require'
	from /usr/local/lib/ruby/site_ruby/1.9.1/rubygems/custom_require.rb:59:in `rescue in require'
	from /usr/local/lib/ruby/site_ruby/1.9.1/rubygems/custom_require.rb:35:in `require'
	from /home/deployer/demo/releases/20120401190123/config/boot.rb:6:in `<top (required)>'
	from /usr/local/lib/ruby/site_ruby/1.9.1/rubygems/custom_require.rb:36:in `require'
	from /usr/local/lib/ruby/site_ruby/1.9.1/rubygems/custom_require.rb:36:in `require'
	from /home/deployer/demo/releases/20120401190123/config/application.rb:1:in `<top (required)>'
	from /usr/local/lib/ruby/site_ruby/1.9.1/rubygems/custom_require.rb:36:in `require'
	from /usr/local/lib/ruby/site_ruby/1.9.1/rubygems/custom_require.rb:36:in `require'
	from /home/deployer/demo/releases/20120401190123/config/environment.rb:2:in `<top (required)>'
	from /usr/local/lib/ruby/site_ruby/1.9.1/rubygems/custom_require.rb:36:in `require'
	from /usr/local/lib/ruby/site_ruby/1.9.1/rubygems/custom_require.rb:36:in `require'
	from config.ru:4:in `block in <main>'
	from /usr/local/lib/ruby/gems/1.9.1/gems/rack-1.4.1/lib/rack/builder.rb:51:in `instance_eval'
	from /usr/local/lib/ruby/gems/1.9.1/gems/rack-1.4.1/lib/rack/builder.rb:51:in `initialize'
	from config.ru:1:in `new'
	from config.ru:1:in `<main>'
	from /usr/local/lib/ruby/gems/1.9.1/gems/unicorn-4.2.0/lib/unicorn.rb:44:in `eval'
	from /usr/local/lib/ruby/gems/1.9.1/gems/unicorn-4.2.0/lib/unicorn.rb:44:in `block in builder'
	from /usr/local/lib/ruby/gems/1.9.1/gems/unicorn-4.2.0/bin/unicorn_rails:139:in `call'
	from /usr/local/lib/ruby/gems/1.9.1/gems/unicorn-4.2.0/bin/unicorn_rails:139:in `block in rails_builder'
	from /usr/local/lib/ruby/gems/1.9.1/gems/unicorn-4.2.0/lib/unicorn/http_server.rb:691:in `call'
	from /usr/local/lib/ruby/gems/1.9.1/gems/unicorn-4.2.0/lib/unicorn/http_server.rb:691:in `build_app!'
	from /usr/local/lib/ruby/gems/1.9.1/gems/unicorn-4.2.0/lib/unicorn/http_server.rb:136:in `start'
	from /usr/local/lib/ruby/gems/1.9.1/gems/unicorn-4.2.0/bin/unicorn_rails:209:in `<top (required)>'
	from /usr/local/bin/unicorn_rails:19:in `load'
	from /usr/local/bin/unicorn_rails:19:in `<main>'
I, [2012-04-01T19:21:20.689223 #18403]  INFO -- : listening on addr=0.0.0.0:3000 fd=3
I, [2012-04-01T19:21:20.690090 #18403]  INFO -- : unlinking existing socket=/tmp/.sock
I, [2012-04-01T19:21:20.692669 #18403]  INFO -- : listening on addr=/tmp/.sock fd=5
I, [2012-04-01T19:21:20.693191 #18403]  INFO -- : listening on addr=0.0.0.0:8080 fd=6
I, [2012-04-01T19:21:20.693905 #18403]  INFO -- : Refreshing Gem list
/usr/local/lib/ruby/gems/1.9.1/gems/bundler-1.1.3/lib/bundler/runtime.rb:31:in `block in setup': You have already activated rack 1.4.1, but your Gemfile requires rack 1.3.6. Using bundle exec may solve this. (Gem::LoadError)
	from /usr/local/lib/ruby/gems/1.9.1/gems/bundler-1.1.3/lib/bundler/runtime.rb:17:in `setup'
	from /usr/local/lib/ruby/gems/1.9.1/gems/bundler-1.1.3/lib/bundler.rb:107:in `setup'
	from /usr/local/lib/ruby/gems/1.9.1/gems/bundler-1.1.3/lib/bundler/setup.rb:17:in `<top (required)>'
	from /usr/local/lib/ruby/site_ruby/1.9.1/rubygems/custom_require.rb:59:in `require'
	from /usr/local/lib/ruby/site_ruby/1.9.1/rubygems/custom_require.rb:59:in `rescue in require'
	from /usr/local/lib/ruby/site_ruby/1.9.1/rubygems/custom_require.rb:35:in `require'
	from /home/deployer/demo/releases/20120401190123/config/boot.rb:6:in `<top (required)>'
	from /usr/local/lib/ruby/site_ruby/1.9.1/rubygems/custom_require.rb:36:in `require'
	from /usr/local/lib/ruby/site_ruby/1.9.1/rubygems/custom_require.rb:36:in `require'
	from /home/deployer/demo/releases/20120401190123/config/application.rb:1:in `<top (required)>'
	from /usr/local/lib/ruby/site_ruby/1.9.1/rubygems/custom_require.rb:36:in `require'
	from /usr/local/lib/ruby/site_ruby/1.9.1/rubygems/custom_require.rb:36:in `require'
	from /home/deployer/demo/releases/20120401190123/config/environment.rb:2:in `<top (required)>'
	from /usr/local/lib/ruby/site_ruby/1.9.1/rubygems/custom_require.rb:36:in `require'
	from /usr/local/lib/ruby/site_ruby/1.9.1/rubygems/custom_require.rb:36:in `require'
	from config.ru:4:in `block in <main>'
	from /usr/local/lib/ruby/gems/1.9.1/gems/rack-1.4.1/lib/rack/builder.rb:51:in `instance_eval'
	from /usr/local/lib/ruby/gems/1.9.1/gems/rack-1.4.1/lib/rack/builder.rb:51:in `initialize'
	from config.ru:1:in `new'
	from config.ru:1:in `<main>'
	from /usr/local/lib/ruby/gems/1.9.1/gems/unicorn-4.2.0/lib/unicorn.rb:44:in `eval'
	from /usr/local/lib/ruby/gems/1.9.1/gems/unicorn-4.2.0/lib/unicorn.rb:44:in `block in builder'
	from /usr/local/lib/ruby/gems/1.9.1/gems/unicorn-4.2.0/bin/unicorn_rails:139:in `call'
	from /usr/local/lib/ruby/gems/1.9.1/gems/unicorn-4.2.0/bin/unicorn_rails:139:in `block in rails_builder'
	from /usr/local/lib/ruby/gems/1.9.1/gems/unicorn-4.2.0/lib/unicorn/http_server.rb:691:in `call'
	from /usr/local/lib/ruby/gems/1.9.1/gems/unicorn-4.2.0/lib/unicorn/http_server.rb:691:in `build_app!'
	from /usr/local/lib/ruby/gems/1.9.1/gems/unicorn-4.2.0/lib/unicorn/http_server.rb:136:in `start'
	from /usr/local/lib/ruby/gems/1.9.1/gems/unicorn-4.2.0/bin/unicorn_rails:209:in `<top (required)>'
	from /usr/local/bin/unicorn_rails:19:in `load'
	from /usr/local/bin/unicorn_rails:19:in `<main>'
I, [2012-04-01T19:24:45.321475 #18612]  INFO -- : listening on addr=0.0.0.0:3000 fd=3
I, [2012-04-01T19:24:45.322260 #18612]  INFO -- : unlinking existing socket=/tmp/.sock
I, [2012-04-01T19:24:45.326341 #18612]  INFO -- : listening on addr=/tmp/.sock fd=5
I, [2012-04-01T19:24:45.326780 #18612]  INFO -- : listening on addr=0.0.0.0:8080 fd=6
I, [2012-04-01T19:24:45.327505 #18612]  INFO -- : Refreshing Gem list
/usr/local/lib/ruby/gems/1.9.1/gems/bundler-1.1.3/lib/bundler/runtime.rb:31:in `block in setup': You have already activated rack 1.4.1, but your Gemfile requires rack 1.3.6. Using bundle exec may solve this. (Gem::LoadError)
	from /usr/local/lib/ruby/gems/1.9.1/gems/bundler-1.1.3/lib/bundler/runtime.rb:17:in `setup'
	from /usr/local/lib/ruby/gems/1.9.1/gems/bundler-1.1.3/lib/bundler.rb:107:in `setup'
	from /usr/local/lib/ruby/gems/1.9.1/gems/bundler-1.1.3/lib/bundler/setup.rb:17:in `<top (required)>'
	from /usr/local/lib/ruby/site_ruby/1.9.1/rubygems/custom_require.rb:59:in `require'
	from /usr/local/lib/ruby/site_ruby/1.9.1/rubygems/custom_require.rb:59:in `rescue in require'
	from /usr/local/lib/ruby/site_ruby/1.9.1/rubygems/custom_require.rb:35:in `require'
	from /home/deployer/demo/releases/20120401190123/config/boot.rb:6:in `<top (required)>'
	from /usr/local/lib/ruby/site_ruby/1.9.1/rubygems/custom_require.rb:36:in `require'
	from /usr/local/lib/ruby/site_ruby/1.9.1/rubygems/custom_require.rb:36:in `require'
	from /home/deployer/demo/releases/20120401190123/config/application.rb:1:in `<top (required)>'
	from /usr/local/lib/ruby/site_ruby/1.9.1/rubygems/custom_require.rb:36:in `require'
	from /usr/local/lib/ruby/site_ruby/1.9.1/rubygems/custom_require.rb:36:in `require'
	from /home/deployer/demo/releases/20120401190123/config/environment.rb:2:in `<top (required)>'
	from /usr/local/lib/ruby/site_ruby/1.9.1/rubygems/custom_require.rb:36:in `require'
	from /usr/local/lib/ruby/site_ruby/1.9.1/rubygems/custom_require.rb:36:in `require'
	from config.ru:4:in `block in <main>'
	from /usr/local/lib/ruby/gems/1.9.1/gems/rack-1.4.1/lib/rack/builder.rb:51:in `instance_eval'
	from /usr/local/lib/ruby/gems/1.9.1/gems/rack-1.4.1/lib/rack/builder.rb:51:in `initialize'
	from config.ru:1:in `new'
	from config.ru:1:in `<main>'
	from /usr/local/lib/ruby/gems/1.9.1/gems/unicorn-4.2.0/lib/unicorn.rb:44:in `eval'
	from /usr/local/lib/ruby/gems/1.9.1/gems/unicorn-4.2.0/lib/unicorn.rb:44:in `block in builder'
	from /usr/local/lib/ruby/gems/1.9.1/gems/unicorn-4.2.0/bin/unicorn_rails:139:in `call'
	from /usr/local/lib/ruby/gems/1.9.1/gems/unicorn-4.2.0/bin/unicorn_rails:139:in `block in rails_builder'
	from /usr/local/lib/ruby/gems/1.9.1/gems/unicorn-4.2.0/lib/unicorn/http_server.rb:691:in `call'
	from /usr/local/lib/ruby/gems/1.9.1/gems/unicorn-4.2.0/lib/unicorn/http_server.rb:691:in `build_app!'
	from /usr/local/lib/ruby/gems/1.9.1/gems/unicorn-4.2.0/lib/unicorn/http_server.rb:136:in `start'
	from /usr/local/lib/ruby/gems/1.9.1/gems/unicorn-4.2.0/bin/unicorn_rails:209:in `<top (required)>'
	from /usr/local/bin/unicorn_rails:19:in `load'
	from /usr/local/bin/unicorn_rails:19:in `<main>'
E, [2012-04-01T19:31:43.580118 #23345] ERROR -- : adding listener failed addr=0.0.0.0:3000 (in use)
E, [2012-04-01T19:31:43.580660 #23345] ERROR -- : retrying in 0.5 seconds (4 tries left)
E, [2012-04-01T19:31:44.081229 #23345] ERROR -- : adding listener failed addr=0.0.0.0:3000 (in use)
E, [2012-04-01T19:31:44.081367 #23345] ERROR -- : retrying in 0.5 seconds (3 tries left)
E, [2012-04-01T19:31:44.581960 #23345] ERROR -- : adding listener failed addr=0.0.0.0:3000 (in use)
E, [2012-04-01T19:31:44.582170 #23345] ERROR -- : retrying in 0.5 seconds (2 tries left)
E, [2012-04-01T19:31:45.082762 #23345] ERROR -- : adding listener failed addr=0.0.0.0:3000 (in use)
E, [2012-04-01T19:31:45.082927 #23345] ERROR -- : retrying in 0.5 seconds (1 tries left)
E, [2012-04-01T19:31:45.583350 #23345] ERROR -- : adding listener failed addr=0.0.0.0:3000 (in use)
E, [2012-04-01T19:31:45.583480 #23345] ERROR -- : retrying in 0.5 seconds (0 tries left)
E, [2012-04-01T19:31:46.083934 #23345] ERROR -- : adding listener failed addr=0.0.0.0:3000 (in use)
/usr/local/lib/ruby/gems/1.9.1/gems/unicorn-4.2.0/lib/unicorn/socket_helper.rb:147:in `initialize': Address already in use - bind(2) (Errno::EADDRINUSE)
	from /usr/local/lib/ruby/gems/1.9.1/gems/unicorn-4.2.0/lib/unicorn/socket_helper.rb:147:in `new'
	from /usr/local/lib/ruby/gems/1.9.1/gems/unicorn-4.2.0/lib/unicorn/socket_helper.rb:147:in `bind_listen'
	from /usr/local/lib/ruby/gems/1.9.1/gems/unicorn-4.2.0/lib/unicorn/http_server.rb:224:in `listen'
	from /usr/local/lib/ruby/gems/1.9.1/gems/unicorn-4.2.0/lib/unicorn/http_server.rb:736:in `block in inherit_listeners!'
	from /usr/local/lib/ruby/gems/1.9.1/gems/unicorn-4.2.0/lib/unicorn/http_server.rb:736:in `each'
	from /usr/local/lib/ruby/gems/1.9.1/gems/unicorn-4.2.0/lib/unicorn/http_server.rb:736:in `inherit_listeners!'
	from /usr/local/lib/ruby/gems/1.9.1/gems/unicorn-4.2.0/lib/unicorn/http_server.rb:123:in `start'
	from /usr/local/lib/ruby/gems/1.9.1/gems/unicorn-4.2.0/bin/unicorn_rails:209:in `<top (required)>'
	from /usr/local/bin/unicorn_rails:19:in `load'
	from /usr/local/bin/unicorn_rails:19:in `<main>'
I, [2012-04-02T14:35:16.105039 #2494]  INFO -- : listening on addr=/home/deployer/demo/tmp/sockets/unicorn.sock fd=3
I, [2012-04-02T14:35:16.106199 #2494]  INFO -- : Refreshing Gem list
/usr/local/lib/ruby/gems/1.9.1/gems/bundler-1.1.3/lib/bundler/runtime.rb:31:in `block in setup': You have already activated rack 1.4.1, but your Gemfile requires rack 1.3.6. Using bundle exec may solve this. (Gem::LoadError)
	from /usr/local/lib/ruby/gems/1.9.1/gems/bundler-1.1.3/lib/bundler/runtime.rb:17:in `setup'
	from /usr/local/lib/ruby/gems/1.9.1/gems/bundler-1.1.3/lib/bundler.rb:107:in `setup'
	from /usr/local/lib/ruby/gems/1.9.1/gems/bundler-1.1.3/lib/bundler/setup.rb:17:in `<top (required)>'
	from /usr/local/lib/ruby/site_ruby/1.9.1/rubygems/custom_require.rb:59:in `require'
	from /usr/local/lib/ruby/site_ruby/1.9.1/rubygems/custom_require.rb:59:in `rescue in require'
	from /usr/local/lib/ruby/site_ruby/1.9.1/rubygems/custom_require.rb:35:in `require'
	from /home/deployer/demo/releases/20120401190123/config/boot.rb:6:in `<top (required)>'
	from /usr/local/lib/ruby/site_ruby/1.9.1/rubygems/custom_require.rb:36:in `require'
	from /usr/local/lib/ruby/site_ruby/1.9.1/rubygems/custom_require.rb:36:in `require'
	from /home/deployer/demo/releases/20120401190123/config/application.rb:1:in `<top (required)>'
	from /usr/local/lib/ruby/site_ruby/1.9.1/rubygems/custom_require.rb:36:in `require'
	from /usr/local/lib/ruby/site_ruby/1.9.1/rubygems/custom_require.rb:36:in `require'
	from /home/deployer/demo/releases/20120401190123/config/environment.rb:2:in `<top (required)>'
	from /usr/local/lib/ruby/site_ruby/1.9.1/rubygems/custom_require.rb:36:in `require'
	from /usr/local/lib/ruby/site_ruby/1.9.1/rubygems/custom_require.rb:36:in `require'
	from config.ru:4:in `block in <main>'
	from /usr/local/lib/ruby/gems/1.9.1/gems/rack-1.4.1/lib/rack/builder.rb:51:in `instance_eval'
	from /usr/local/lib/ruby/gems/1.9.1/gems/rack-1.4.1/lib/rack/builder.rb:51:in `initialize'
	from config.ru:1:in `new'
	from config.ru:1:in `<main>'
	from /usr/local/lib/ruby/gems/1.9.1/gems/unicorn-4.2.0/lib/unicorn.rb:44:in `eval'
	from /usr/local/lib/ruby/gems/1.9.1/gems/unicorn-4.2.0/lib/unicorn.rb:44:in `block in builder'
	from /usr/local/lib/ruby/gems/1.9.1/gems/unicorn-4.2.0/bin/unicorn_rails:139:in `call'
	from /usr/local/lib/ruby/gems/1.9.1/gems/unicorn-4.2.0/bin/unicorn_rails:139:in `block in rails_builder'
	from /usr/local/lib/ruby/gems/1.9.1/gems/unicorn-4.2.0/lib/unicorn/http_server.rb:691:in `call'
	from /usr/local/lib/ruby/gems/1.9.1/gems/unicorn-4.2.0/lib/unicorn/http_server.rb:691:in `build_app!'
	from /usr/local/lib/ruby/gems/1.9.1/gems/unicorn-4.2.0/lib/unicorn/http_server.rb:136:in `start'
	from /usr/local/lib/ruby/gems/1.9.1/gems/unicorn-4.2.0/bin/unicorn_rails:209:in `<top (required)>'
	from /usr/local/bin/unicorn_rails:19:in `load'
	from /usr/local/bin/unicorn_rails:19:in `<main>'
I, [2012-04-02T14:37:17.393325 #2619]  INFO -- : unlinking existing socket=/home/deployer/demo/tmp/sockets/unicorn.sock
I, [2012-04-02T14:37:17.393672 #2619]  INFO -- : listening on addr=/home/deployer/demo/tmp/sockets/unicorn.sock fd=3
I, [2012-04-02T14:37:17.394061 #2619]  INFO -- : Refreshing Gem list
/usr/local/lib/ruby/gems/1.9.1/gems/bundler-1.1.3/lib/bundler/runtime.rb:31:in `block in setup': You have already activated rack 1.4.1, but your Gemfile requires rack 1.3.6. Using bundle exec may solve this. (Gem::LoadError)
	from /usr/local/lib/ruby/gems/1.9.1/gems/bundler-1.1.3/lib/bundler/runtime.rb:17:in `setup'
	from /usr/local/lib/ruby/gems/1.9.1/gems/bundler-1.1.3/lib/bundler.rb:107:in `setup'
	from /usr/local/lib/ruby/gems/1.9.1/gems/bundler-1.1.3/lib/bundler/setup.rb:17:in `<top (required)>'
	from /usr/local/lib/ruby/site_ruby/1.9.1/rubygems/custom_require.rb:59:in `require'
	from /usr/local/lib/ruby/site_ruby/1.9.1/rubygems/custom_require.rb:59:in `rescue in require'
	from /usr/local/lib/ruby/site_ruby/1.9.1/rubygems/custom_require.rb:35:in `require'
	from /home/deployer/demo/releases/20120401190123/config/boot.rb:6:in `<top (required)>'
	from /usr/local/lib/ruby/site_ruby/1.9.1/rubygems/custom_require.rb:36:in `require'
	from /usr/local/lib/ruby/site_ruby/1.9.1/rubygems/custom_require.rb:36:in `require'
	from /home/deployer/demo/releases/20120401190123/config/application.rb:1:in `<top (required)>'
	from /usr/local/lib/ruby/site_ruby/1.9.1/rubygems/custom_require.rb:36:in `require'
	from /usr/local/lib/ruby/site_ruby/1.9.1/rubygems/custom_require.rb:36:in `require'
	from /home/deployer/demo/releases/20120401190123/config/environment.rb:2:in `<top (required)>'
	from /usr/local/lib/ruby/site_ruby/1.9.1/rubygems/custom_require.rb:36:in `require'
	from /usr/local/lib/ruby/site_ruby/1.9.1/rubygems/custom_require.rb:36:in `require'
	from config.ru:4:in `block in <main>'
	from /usr/local/lib/ruby/gems/1.9.1/gems/rack-1.4.1/lib/rack/builder.rb:51:in `instance_eval'
	from /usr/local/lib/ruby/gems/1.9.1/gems/rack-1.4.1/lib/rack/builder.rb:51:in `initialize'
	from config.ru:1:in `new'
	from config.ru:1:in `<main>'
	from /usr/local/lib/ruby/gems/1.9.1/gems/unicorn-4.2.0/lib/unicorn.rb:44:in `eval'
	from /usr/local/lib/ruby/gems/1.9.1/gems/unicorn-4.2.0/lib/unicorn.rb:44:in `block in builder'
	from /usr/local/lib/ruby/gems/1.9.1/gems/unicorn-4.2.0/bin/unicorn_rails:139:in `call'
	from /usr/local/lib/ruby/gems/1.9.1/gems/unicorn-4.2.0/bin/unicorn_rails:139:in `block in rails_builder'
	from /usr/local/lib/ruby/gems/1.9.1/gems/unicorn-4.2.0/lib/unicorn/http_server.rb:691:in `call'
	from /usr/local/lib/ruby/gems/1.9.1/gems/unicorn-4.2.0/lib/unicorn/http_server.rb:691:in `build_app!'
	from /usr/local/lib/ruby/gems/1.9.1/gems/unicorn-4.2.0/lib/unicorn/http_server.rb:136:in `start'
	from /usr/local/lib/ruby/gems/1.9.1/gems/unicorn-4.2.0/bin/unicorn_rails:209:in `<top (required)>'
	from /usr/local/bin/unicorn_rails:19:in `load'
	from /usr/local/bin/unicorn_rails:19:in `<main>'
Exception `Errno::ENOENT' at /usr/local/lib/ruby/gems/1.9.1/gems/unicorn-4.2.0/lib/unicorn/socket_helper.rb:140 - No such file or directory - /home/deployer/demo/tmp/sockets/unicorn.sock
F, [2012-04-02T14:39:09.587065 #2749] FATAL -- : error adding listener addr=/home/deployer/demo/tmp/sockets/unicorn.sock
Exception `Errno::ENOENT' at /usr/local/lib/ruby/gems/1.9.1/gems/unicorn-4.2.0/lib/unicorn/http_server.rb:242 - No such file or directory - /home/deployer/demo/tmp/sockets/unicorn.sock
Exception `Errno::ENOENT' at /usr/local/bin/unicorn_rails:19 - No such file or directory - /home/deployer/demo/tmp/sockets/unicorn.sock
/usr/local/lib/ruby/gems/1.9.1/gems/unicorn-4.2.0/lib/unicorn/socket_helper.rb:140:in `initialize': No such file or directory - /home/deployer/demo/tmp/sockets/unicorn.sock (Errno::ENOENT)
	from /usr/local/lib/ruby/gems/1.9.1/gems/unicorn-4.2.0/lib/unicorn/socket_helper.rb:140:in `new'
	from /usr/local/lib/ruby/gems/1.9.1/gems/unicorn-4.2.0/lib/unicorn/socket_helper.rb:140:in `bind_listen'
	from /usr/local/lib/ruby/gems/1.9.1/gems/unicorn-4.2.0/lib/unicorn/http_server.rb:224:in `listen'
	from /usr/local/lib/ruby/gems/1.9.1/gems/unicorn-4.2.0/lib/unicorn/http_server.rb:736:in `block in inherit_listeners!'
	from /usr/local/lib/ruby/gems/1.9.1/gems/unicorn-4.2.0/lib/unicorn/http_server.rb:736:in `each'
	from /usr/local/lib/ruby/gems/1.9.1/gems/unicorn-4.2.0/lib/unicorn/http_server.rb:736:in `inherit_listeners!'
	from /usr/local/lib/ruby/gems/1.9.1/gems/unicorn-4.2.0/lib/unicorn/http_server.rb:123:in `start'
	from /usr/local/lib/ruby/gems/1.9.1/gems/unicorn-4.2.0/bin/unicorn_rails:209:in `<top (required)>'
	from /usr/local/bin/unicorn_rails:19:in `load'
	from /usr/local/bin/unicorn_rails:19:in `<main>'
Exception `Errno::ENOENT' at /usr/local/lib/ruby/gems/1.9.1/gems/unicorn-4.2.0/lib/unicorn/socket_helper.rb:140 - No such file or directory - /home/deployer/demo/tmp/sockets/unicorn.sock
F, [2012-04-02T14:39:37.646485 #2757] FATAL -- : error adding listener addr=/home/deployer/demo/tmp/sockets/unicorn.sock
Exception `Errno::ENOENT' at /usr/local/lib/ruby/gems/1.9.1/gems/unicorn-4.2.0/lib/unicorn/http_server.rb:242 - No such file or directory - /home/deployer/demo/tmp/sockets/unicorn.sock
Exception `Errno::ENOENT' at /usr/local/bin/unicorn_rails:19 - No such file or directory - /home/deployer/demo/tmp/sockets/unicorn.sock
/usr/local/lib/ruby/gems/1.9.1/gems/unicorn-4.2.0/lib/unicorn/socket_helper.rb:140:in `initialize': No such file or directory - /home/deployer/demo/tmp/sockets/unicorn.sock (Errno::ENOENT)
	from /usr/local/lib/ruby/gems/1.9.1/gems/unicorn-4.2.0/lib/unicorn/socket_helper.rb:140:in `new'
	from /usr/local/lib/ruby/gems/1.9.1/gems/unicorn-4.2.0/lib/unicorn/socket_helper.rb:140:in `bind_listen'
	from /usr/local/lib/ruby/gems/1.9.1/gems/unicorn-4.2.0/lib/unicorn/http_server.rb:224:in `listen'
	from /usr/local/lib/ruby/gems/1.9.1/gems/unicorn-4.2.0/lib/unicorn/http_server.rb:736:in `block in inherit_listeners!'
	from /usr/local/lib/ruby/gems/1.9.1/gems/unicorn-4.2.0/lib/unicorn/http_server.rb:736:in `each'
	from /usr/local/lib/ruby/gems/1.9.1/gems/unicorn-4.2.0/lib/unicorn/http_server.rb:736:in `inherit_listeners!'
	from /usr/local/lib/ruby/gems/1.9.1/gems/unicorn-4.2.0/lib/unicorn/http_server.rb:123:in `start'
	from /usr/local/lib/ruby/gems/1.9.1/gems/unicorn-4.2.0/bin/unicorn_rails:209:in `<top (required)>'
	from /usr/local/bin/unicorn_rails:19:in `load'
	from /usr/local/bin/unicorn_rails:19:in `<main>'
F, [2012-04-02T14:41:10.985320 #2844] FATAL -- : error adding listener addr=/home/deployer/demo/tmp/sockets/unicorn.sock
/usr/local/lib/ruby/gems/1.9.1/gems/unicorn-4.2.0/lib/unicorn/socket_helper.rb:140:in `initialize': No such file or directory - /home/deployer/demo/tmp/sockets/unicorn.sock (Errno::ENOENT)
	from /usr/local/lib/ruby/gems/1.9.1/gems/unicorn-4.2.0/lib/unicorn/socket_helper.rb:140:in `new'
	from /usr/local/lib/ruby/gems/1.9.1/gems/unicorn-4.2.0/lib/unicorn/socket_helper.rb:140:in `bind_listen'
	from /usr/local/lib/ruby/gems/1.9.1/gems/unicorn-4.2.0/lib/unicorn/http_server.rb:224:in `listen'
	from /usr/local/lib/ruby/gems/1.9.1/gems/unicorn-4.2.0/lib/unicorn/http_server.rb:736:in `block in inherit_listeners!'
	from /usr/local/lib/ruby/gems/1.9.1/gems/unicorn-4.2.0/lib/unicorn/http_server.rb:736:in `each'
	from /usr/local/lib/ruby/gems/1.9.1/gems/unicorn-4.2.0/lib/unicorn/http_server.rb:736:in `inherit_listeners!'
	from /usr/local/lib/ruby/gems/1.9.1/gems/unicorn-4.2.0/lib/unicorn/http_server.rb:123:in `start'
	from /usr/local/lib/ruby/gems/1.9.1/gems/unicorn-4.2.0/bin/unicorn_rails:209:in `<top (required)>'
	from /usr/local/bin/unicorn_rails:19:in `load'
	from /usr/local/bin/unicorn_rails:19:in `<main>'
F, [2012-04-02T15:25:33.675171 #4717] FATAL -- : error adding listener addr=/home/deployer/demo/tmp/sockets/unicorn.sock
/usr/local/lib/ruby/gems/1.9.1/gems/unicorn-4.2.0/lib/unicorn/socket_helper.rb:140:in `initialize': No such file or directory - /home/deployer/demo/tmp/sockets/unicorn.sock (Errno::ENOENT)
	from /usr/local/lib/ruby/gems/1.9.1/gems/unicorn-4.2.0/lib/unicorn/socket_helper.rb:140:in `new'
	from /usr/local/lib/ruby/gems/1.9.1/gems/unicorn-4.2.0/lib/unicorn/socket_helper.rb:140:in `bind_listen'
	from /usr/local/lib/ruby/gems/1.9.1/gems/unicorn-4.2.0/lib/unicorn/http_server.rb:224:in `listen'
	from /usr/local/lib/ruby/gems/1.9.1/gems/unicorn-4.2.0/lib/unicorn/http_server.rb:736:in `block in inherit_listeners!'
	from /usr/local/lib/ruby/gems/1.9.1/gems/unicorn-4.2.0/lib/unicorn/http_server.rb:736:in `each'
	from /usr/local/lib/ruby/gems/1.9.1/gems/unicorn-4.2.0/lib/unicorn/http_server.rb:736:in `inherit_listeners!'
	from /usr/local/lib/ruby/gems/1.9.1/gems/unicorn-4.2.0/lib/unicorn/http_server.rb:123:in `start'
	from /usr/local/lib/ruby/gems/1.9.1/gems/unicorn-4.2.0/bin/unicorn_rails:209:in `<top (required)>'
	from /usr/local/bin/unicorn_rails:19:in `load'
	from /usr/local/bin/unicorn_rails:19:in `<main>'
